0 info it worked if it ends with ok
1 verbose cli [ '/usr/local/bin/node', '/usr/local/bin/npm', 'install' ]
2 info using npm@1.4.28
3 info using node@v0.10.33
4 warn package.json my-react-todomvc@1.0.0 No description
5 warn package.json my-react-todomvc@1.0.0 No repository field.
6 warn package.json my-react-todomvc@1.0.0 No README data
7 verbose readDependencies using package.json deps
8 verbose install where, deps [ '/home/whalen/Developer/todomvc-rebus',
8 verbose install   [ 'async',
8 verbose install     'await',
8 verbose install     'bluebird',
8 verbose install     'classnames',
8 verbose install     'flux',
8 verbose install     'keymirror',
8 verbose install     'object-assign',
8 verbose install     'react',
8 verbose install     'react-dom',
8 verbose install     'thenjs',
8 verbose install     'gulp',
8 verbose install     'gulp-browserify',
8 verbose install     'gulp-concat',
8 verbose install     'gulp-connect',
8 verbose install     'gulp-react',
8 verbose install     'lodash',
8 verbose install     'reactify' ] ]
9 info preinstall my-react-todomvc@1.0.0
10 verbose readDependencies using package.json deps
11 verbose cache add [ 'async@^1.5.2', null ]
12 verbose cache add name=undefined spec="async@^1.5.2" args=["async@^1.5.2",null]
13 verbose parsed url { protocol: null,
13 verbose parsed url   slashes: null,
13 verbose parsed url   auth: null,
13 verbose parsed url   host: null,
13 verbose parsed url   port: null,
13 verbose parsed url   hostname: null,
13 verbose parsed url   hash: null,
13 verbose parsed url   search: null,
13 verbose parsed url   query: null,
13 verbose parsed url   pathname: 'async@^1.5.2',
13 verbose parsed url   path: 'async@^1.5.2',
13 verbose parsed url   href: 'async@^1.5.2' }
14 verbose cache add [ 'await@^0.2.5', null ]
15 verbose cache add name=undefined spec="await@^0.2.5" args=["await@^0.2.5",null]
16 verbose parsed url { protocol: null,
16 verbose parsed url   slashes: null,
16 verbose parsed url   auth: null,
16 verbose parsed url   host: null,
16 verbose parsed url   port: null,
16 verbose parsed url   hostname: null,
16 verbose parsed url   hash: null,
16 verbose parsed url   search: null,
16 verbose parsed url   query: null,
16 verbose parsed url   pathname: 'await@^0.2.5',
16 verbose parsed url   path: 'await@^0.2.5',
16 verbose parsed url   href: 'await@^0.2.5' }
17 verbose cache add [ 'bluebird@^3.1.1', null ]
18 verbose cache add name=undefined spec="bluebird@^3.1.1" args=["bluebird@^3.1.1",null]
19 verbose parsed url { protocol: null,
19 verbose parsed url   slashes: null,
19 verbose parsed url   auth: null,
19 verbose parsed url   host: null,
19 verbose parsed url   port: null,
19 verbose parsed url   hostname: null,
19 verbose parsed url   hash: null,
19 verbose parsed url   search: null,
19 verbose parsed url   query: null,
19 verbose parsed url   pathname: 'bluebird@^3.1.1',
19 verbose parsed url   path: 'bluebird@^3.1.1',
19 verbose parsed url   href: 'bluebird@^3.1.1' }
20 verbose cache add [ 'classnames@^2.2.1', null ]
21 verbose cache add name=undefined spec="classnames@^2.2.1" args=["classnames@^2.2.1",null]
22 verbose parsed url { protocol: null,
22 verbose parsed url   slashes: null,
22 verbose parsed url   auth: null,
22 verbose parsed url   host: null,
22 verbose parsed url   port: null,
22 verbose parsed url   hostname: null,
22 verbose parsed url   hash: null,
22 verbose parsed url   search: null,
22 verbose parsed url   query: null,
22 verbose parsed url   pathname: 'classnames@^2.2.1',
22 verbose parsed url   path: 'classnames@^2.2.1',
22 verbose parsed url   href: 'classnames@^2.2.1' }
23 verbose cache add [ 'flux@^2.1.1', null ]
24 verbose cache add name=undefined spec="flux@^2.1.1" args=["flux@^2.1.1",null]
25 verbose parsed url { protocol: null,
25 verbose parsed url   slashes: null,
25 verbose parsed url   auth: null,
25 verbose parsed url   host: null,
25 verbose parsed url   port: null,
25 verbose parsed url   hostname: null,
25 verbose parsed url   hash: null,
25 verbose parsed url   search: null,
25 verbose parsed url   query: null,
25 verbose parsed url   pathname: 'flux@^2.1.1',
25 verbose parsed url   path: 'flux@^2.1.1',
25 verbose parsed url   href: 'flux@^2.1.1' }
26 verbose cache add name="async" spec="^1.5.2" args=["async","^1.5.2"]
27 verbose parsed url { protocol: null,
27 verbose parsed url   slashes: null,
27 verbose parsed url   auth: null,
27 verbose parsed url   host: null,
27 verbose parsed url   port: null,
27 verbose parsed url   hostname: null,
27 verbose parsed url   hash: null,
27 verbose parsed url   search: null,
27 verbose parsed url   query: null,
27 verbose parsed url   pathname: '^1.5.2',
27 verbose parsed url   path: '^1.5.2',
27 verbose parsed url   href: '^1.5.2' }
28 verbose addNamed [ 'async', '^1.5.2' ]
29 verbose addNamed [ null, '>=1.5.2-0 <2.0.0-0' ]
30 verbose cache add name="await" spec="^0.2.5" args=["await","^0.2.5"]
31 verbose parsed url { protocol: null,
31 verbose parsed url   slashes: null,
31 verbose parsed url   auth: null,
31 verbose parsed url   host: null,
31 verbose parsed url   port: null,
31 verbose parsed url   hostname: null,
31 verbose parsed url   hash: null,
31 verbose parsed url   search: null,
31 verbose parsed url   query: null,
31 verbose parsed url   pathname: '^0.2.5',
31 verbose parsed url   path: '^0.2.5',
31 verbose parsed url   href: '^0.2.5' }
32 verbose addNamed [ 'await', '^0.2.5' ]
33 verbose addNamed [ null, '>=0.2.5-0 <0.3.0-0' ]
34 verbose cache add name="bluebird" spec="^3.1.1" args=["bluebird","^3.1.1"]
35 verbose parsed url { protocol: null,
35 verbose parsed url   slashes: null,
35 verbose parsed url   auth: null,
35 verbose parsed url   host: null,
35 verbose parsed url   port: null,
35 verbose parsed url   hostname: null,
35 verbose parsed url   hash: null,
35 verbose parsed url   search: null,
35 verbose parsed url   query: null,
35 verbose parsed url   pathname: '^3.1.1',
35 verbose parsed url   path: '^3.1.1',
35 verbose parsed url   href: '^3.1.1' }
36 verbose addNamed [ 'bluebird', '^3.1.1' ]
37 verbose addNamed [ null, '>=3.1.1-0 <4.0.0-0' ]
38 verbose cache add name="classnames" spec="^2.2.1" args=["classnames","^2.2.1"]
39 verbose parsed url { protocol: null,
39 verbose parsed url   slashes: null,
39 verbose parsed url   auth: null,
39 verbose parsed url   host: null,
39 verbose parsed url   port: null,
39 verbose parsed url   hostname: null,
39 verbose parsed url   hash: null,
39 verbose parsed url   search: null,
39 verbose parsed url   query: null,
39 verbose parsed url   pathname: '^2.2.1',
39 verbose parsed url   path: '^2.2.1',
39 verbose parsed url   href: '^2.2.1' }
40 verbose addNamed [ 'classnames', '^2.2.1' ]
41 verbose addNamed [ null, '>=2.2.1-0 <3.0.0-0' ]
42 verbose cache add name="flux" spec="^2.1.1" args=["flux","^2.1.1"]
43 verbose parsed url { protocol: null,
43 verbose parsed url   slashes: null,
43 verbose parsed url   auth: null,
43 verbose parsed url   host: null,
43 verbose parsed url   port: null,
43 verbose parsed url   hostname: null,
43 verbose parsed url   hash: null,
43 verbose parsed url   search: null,
43 verbose parsed url   query: null,
43 verbose parsed url   pathname: '^2.1.1',
43 verbose parsed url   path: '^2.1.1',
43 verbose parsed url   href: '^2.1.1' }
44 verbose addNamed [ 'flux', '^2.1.1' ]
45 verbose addNamed [ null, '>=2.1.1-0 <3.0.0-0' ]
46 verbose cache add [ 'keymirror@^0.1.1', null ]
47 verbose cache add name=undefined spec="keymirror@^0.1.1" args=["keymirror@^0.1.1",null]
48 verbose parsed url { protocol: null,
48 verbose parsed url   slashes: null,
48 verbose parsed url   auth: null,
48 verbose parsed url   host: null,
48 verbose parsed url   port: null,
48 verbose parsed url   hostname: null,
48 verbose parsed url   hash: null,
48 verbose parsed url   search: null,
48 verbose parsed url   query: null,
48 verbose parsed url   pathname: 'keymirror@^0.1.1',
48 verbose parsed url   path: 'keymirror@^0.1.1',
48 verbose parsed url   href: 'keymirror@^0.1.1' }
49 verbose cache add [ 'object-assign@^4.0.1', null ]
50 verbose cache add name=undefined spec="object-assign@^4.0.1" args=["object-assign@^4.0.1",null]
51 verbose parsed url { protocol: null,
51 verbose parsed url   slashes: null,
51 verbose parsed url   auth: null,
51 verbose parsed url   host: null,
51 verbose parsed url   port: null,
51 verbose parsed url   hostname: null,
51 verbose parsed url   hash: null,
51 verbose parsed url   search: null,
51 verbose parsed url   query: null,
51 verbose parsed url   pathname: 'object-assign@^4.0.1',
51 verbose parsed url   path: 'object-assign@^4.0.1',
51 verbose parsed url   href: 'object-assign@^4.0.1' }
52 verbose cache add [ 'react@^0.14.3', null ]
53 verbose cache add name=undefined spec="react@^0.14.3" args=["react@^0.14.3",null]
54 verbose parsed url { protocol: null,
54 verbose parsed url   slashes: null,
54 verbose parsed url   auth: null,
54 verbose parsed url   host: null,
54 verbose parsed url   port: null,
54 verbose parsed url   hostname: null,
54 verbose parsed url   hash: null,
54 verbose parsed url   search: null,
54 verbose parsed url   query: null,
54 verbose parsed url   pathname: 'react@^0.14.3',
54 verbose parsed url   path: 'react@^0.14.3',
54 verbose parsed url   href: 'react@^0.14.3' }
55 verbose cache add [ 'react-dom@^0.14.6', null ]
56 verbose cache add name=undefined spec="react-dom@^0.14.6" args=["react-dom@^0.14.6",null]
57 verbose parsed url { protocol: null,
57 verbose parsed url   slashes: null,
57 verbose parsed url   auth: null,
57 verbose parsed url   host: null,
57 verbose parsed url   port: null,
57 verbose parsed url   hostname: null,
57 verbose parsed url   hash: null,
57 verbose parsed url   search: null,
57 verbose parsed url   query: null,
57 verbose parsed url   pathname: 'react-dom@^0.14.6',
57 verbose parsed url   path: 'react-dom@^0.14.6',
57 verbose parsed url   href: 'react-dom@^0.14.6' }
58 verbose cache add [ 'thenjs@^2.0.2', null ]
59 verbose cache add name=undefined spec="thenjs@^2.0.2" args=["thenjs@^2.0.2",null]
60 verbose parsed url { protocol: null,
60 verbose parsed url   slashes: null,
60 verbose parsed url   auth: null,
60 verbose parsed url   host: null,
60 verbose parsed url   port: null,
60 verbose parsed url   hostname: null,
60 verbose parsed url   hash: null,
60 verbose parsed url   search: null,
60 verbose parsed url   query: null,
60 verbose parsed url   pathname: 'thenjs@^2.0.2',
60 verbose parsed url   path: 'thenjs@^2.0.2',
60 verbose parsed url   href: 'thenjs@^2.0.2' }
61 silly lockFile 2d30b875-async-1-5-2 async@^1.5.2
62 verbose lock async@^1.5.2 /home/whalen/.npm/2d30b875-async-1-5-2.lock
63 silly lockFile 88499c7a-await-0-2-5 await@^0.2.5
64 verbose lock await@^0.2.5 /home/whalen/.npm/88499c7a-await-0-2-5.lock
65 silly lockFile 57b5cfa7-bluebird-3-1-1 bluebird@^3.1.1
66 verbose lock bluebird@^3.1.1 /home/whalen/.npm/57b5cfa7-bluebird-3-1-1.lock
67 silly lockFile 7c369b81-classnames-2-2-1 classnames@^2.2.1
68 verbose lock classnames@^2.2.1 /home/whalen/.npm/7c369b81-classnames-2-2-1.lock
69 silly lockFile 79f145de-flux-2-1-1 flux@^2.1.1
70 verbose lock flux@^2.1.1 /home/whalen/.npm/79f145de-flux-2-1-1.lock
71 verbose cache add name="keymirror" spec="^0.1.1" args=["keymirror","^0.1.1"]
72 verbose parsed url { protocol: null,
72 verbose parsed url   slashes: null,
72 verbose parsed url   auth: null,
72 verbose parsed url   host: null,
72 verbose parsed url   port: null,
72 verbose parsed url   hostname: null,
72 verbose parsed url   hash: null,
72 verbose parsed url   search: null,
72 verbose parsed url   query: null,
72 verbose parsed url   pathname: '^0.1.1',
72 verbose parsed url   path: '^0.1.1',
72 verbose parsed url   href: '^0.1.1' }
73 verbose addNamed [ 'keymirror', '^0.1.1' ]
74 verbose addNamed [ null, '>=0.1.1-0 <0.2.0-0' ]
75 silly lockFile 11afe8b6-keymirror-0-1-1 keymirror@^0.1.1
76 verbose lock keymirror@^0.1.1 /home/whalen/.npm/11afe8b6-keymirror-0-1-1.lock
77 verbose cache add name="object-assign" spec="^4.0.1" args=["object-assign","^4.0.1"]
78 verbose parsed url { protocol: null,
78 verbose parsed url   slashes: null,
78 verbose parsed url   auth: null,
78 verbose parsed url   host: null,
78 verbose parsed url   port: null,
78 verbose parsed url   hostname: null,
78 verbose parsed url   hash: null,
78 verbose parsed url   search: null,
78 verbose parsed url   query: null,
78 verbose parsed url   pathname: '^4.0.1',
78 verbose parsed url   path: '^4.0.1',
78 verbose parsed url   href: '^4.0.1' }
79 verbose addNamed [ 'object-assign', '^4.0.1' ]
80 verbose addNamed [ null, '>=4.0.1-0 <5.0.0-0' ]
81 silly lockFile 07ecbd72-object-assign-4-0-1 object-assign@^4.0.1
82 verbose lock object-assign@^4.0.1 /home/whalen/.npm/07ecbd72-object-assign-4-0-1.lock
83 verbose cache add name="react" spec="^0.14.3" args=["react","^0.14.3"]
84 verbose parsed url { protocol: null,
84 verbose parsed url   slashes: null,
84 verbose parsed url   auth: null,
84 verbose parsed url   host: null,
84 verbose parsed url   port: null,
84 verbose parsed url   hostname: null,
84 verbose parsed url   hash: null,
84 verbose parsed url   search: null,
84 verbose parsed url   query: null,
84 verbose parsed url   pathname: '^0.14.3',
84 verbose parsed url   path: '^0.14.3',
84 verbose parsed url   href: '^0.14.3' }
85 verbose addNamed [ 'react', '^0.14.3' ]
86 verbose addNamed [ null, '>=0.14.3-0 <0.15.0-0' ]
87 silly lockFile 15651f57-react-0-14-3 react@^0.14.3
88 verbose lock react@^0.14.3 /home/whalen/.npm/15651f57-react-0-14-3.lock
89 verbose cache add name="react-dom" spec="^0.14.6" args=["react-dom","^0.14.6"]
90 verbose parsed url { protocol: null,
90 verbose parsed url   slashes: null,
90 verbose parsed url   auth: null,
90 verbose parsed url   host: null,
90 verbose parsed url   port: null,
90 verbose parsed url   hostname: null,
90 verbose parsed url   hash: null,
90 verbose parsed url   search: null,
90 verbose parsed url   query: null,
90 verbose parsed url   pathname: '^0.14.6',
90 verbose parsed url   path: '^0.14.6',
90 verbose parsed url   href: '^0.14.6' }
91 verbose addNamed [ 'react-dom', '^0.14.6' ]
92 verbose addNamed [ null, '>=0.14.6-0 <0.15.0-0' ]
93 silly lockFile 6d4ca84f-react-dom-0-14-6 react-dom@^0.14.6
94 verbose lock react-dom@^0.14.6 /home/whalen/.npm/6d4ca84f-react-dom-0-14-6.lock
95 verbose cache add name="thenjs" spec="^2.0.2" args=["thenjs","^2.0.2"]
96 verbose parsed url { protocol: null,
96 verbose parsed url   slashes: null,
96 verbose parsed url   auth: null,
96 verbose parsed url   host: null,
96 verbose parsed url   port: null,
96 verbose parsed url   hostname: null,
96 verbose parsed url   hash: null,
96 verbose parsed url   search: null,
96 verbose parsed url   query: null,
96 verbose parsed url   pathname: '^2.0.2',
96 verbose parsed url   path: '^2.0.2',
96 verbose parsed url   href: '^2.0.2' }
97 verbose addNamed [ 'thenjs', '^2.0.2' ]
98 verbose addNamed [ null, '>=2.0.2-0 <3.0.0-0' ]
99 silly lockFile 4d66cd66-thenjs-2-0-2 thenjs@^2.0.2
100 verbose lock thenjs@^2.0.2 /home/whalen/.npm/4d66cd66-thenjs-2-0-2.lock
101 verbose cache add [ 'gulp@^3.9.0', null ]
102 verbose cache add name=undefined spec="gulp@^3.9.0" args=["gulp@^3.9.0",null]
103 verbose parsed url { protocol: null,
103 verbose parsed url   slashes: null,
103 verbose parsed url   auth: null,
103 verbose parsed url   host: null,
103 verbose parsed url   port: null,
103 verbose parsed url   hostname: null,
103 verbose parsed url   hash: null,
103 verbose parsed url   search: null,
103 verbose parsed url   query: null,
103 verbose parsed url   pathname: 'gulp@^3.9.0',
103 verbose parsed url   path: 'gulp@^3.9.0',
103 verbose parsed url   href: 'gulp@^3.9.0' }
104 verbose cache add [ 'gulp-browserify@^0.5.1', null ]
105 verbose cache add name=undefined spec="gulp-browserify@^0.5.1" args=["gulp-browserify@^0.5.1",null]
106 verbose parsed url { protocol: null,
106 verbose parsed url   slashes: null,
106 verbose parsed url   auth: null,
106 verbose parsed url   host: null,
106 verbose parsed url   port: null,
106 verbose parsed url   hostname: null,
106 verbose parsed url   hash: null,
106 verbose parsed url   search: null,
106 verbose parsed url   query: null,
106 verbose parsed url   pathname: 'gulp-browserify@^0.5.1',
106 verbose parsed url   path: 'gulp-browserify@^0.5.1',
106 verbose parsed url   href: 'gulp-browserify@^0.5.1' }
107 verbose cache add [ 'gulp-concat@^2.6.0', null ]
108 verbose cache add name=undefined spec="gulp-concat@^2.6.0" args=["gulp-concat@^2.6.0",null]
109 verbose parsed url { protocol: null,
109 verbose parsed url   slashes: null,
109 verbose parsed url   auth: null,
109 verbose parsed url   host: null,
109 verbose parsed url   port: null,
109 verbose parsed url   hostname: null,
109 verbose parsed url   hash: null,
109 verbose parsed url   search: null,
109 verbose parsed url   query: null,
109 verbose parsed url   pathname: 'gulp-concat@^2.6.0',
109 verbose parsed url   path: 'gulp-concat@^2.6.0',
109 verbose parsed url   href: 'gulp-concat@^2.6.0' }
110 verbose cache add [ 'gulp-connect@^2.3.1', null ]
111 verbose cache add name=undefined spec="gulp-connect@^2.3.1" args=["gulp-connect@^2.3.1",null]
112 verbose parsed url { protocol: null,
112 verbose parsed url   slashes: null,
112 verbose parsed url   auth: null,
112 verbose parsed url   host: null,
112 verbose parsed url   port: null,
112 verbose parsed url   hostname: null,
112 verbose parsed url   hash: null,
112 verbose parsed url   search: null,
112 verbose parsed url   query: null,
112 verbose parsed url   pathname: 'gulp-connect@^2.3.1',
112 verbose parsed url   path: 'gulp-connect@^2.3.1',
112 verbose parsed url   href: 'gulp-connect@^2.3.1' }
113 verbose cache add [ 'gulp-react@^3.1.0', null ]
114 verbose cache add name=undefined spec="gulp-react@^3.1.0" args=["gulp-react@^3.1.0",null]
115 verbose parsed url { protocol: null,
115 verbose parsed url   slashes: null,
115 verbose parsed url   auth: null,
115 verbose parsed url   host: null,
115 verbose parsed url   port: null,
115 verbose parsed url   hostname: null,
115 verbose parsed url   hash: null,
115 verbose parsed url   search: null,
115 verbose parsed url   query: null,
115 verbose parsed url   pathname: 'gulp-react@^3.1.0',
115 verbose parsed url   path: 'gulp-react@^3.1.0',
115 verbose parsed url   href: 'gulp-react@^3.1.0' }
116 verbose cache add [ 'lodash@^3.10.1', null ]
117 verbose cache add name=undefined spec="lodash@^3.10.1" args=["lodash@^3.10.1",null]
118 verbose parsed url { protocol: null,
118 verbose parsed url   slashes: null,
118 verbose parsed url   auth: null,
118 verbose parsed url   host: null,
118 verbose parsed url   port: null,
118 verbose parsed url   hostname: null,
118 verbose parsed url   hash: null,
118 verbose parsed url   search: null,
118 verbose parsed url   query: null,
118 verbose parsed url   pathname: 'lodash@^3.10.1',
118 verbose parsed url   path: 'lodash@^3.10.1',
118 verbose parsed url   href: 'lodash@^3.10.1' }
119 verbose cache add [ 'reactify@^1.1.1', null ]
120 verbose cache add name=undefined spec="reactify@^1.1.1" args=["reactify@^1.1.1",null]
121 verbose parsed url { protocol: null,
121 verbose parsed url   slashes: null,
121 verbose parsed url   auth: null,
121 verbose parsed url   host: null,
121 verbose parsed url   port: null,
121 verbose parsed url   hostname: null,
121 verbose parsed url   hash: null,
121 verbose parsed url   search: null,
121 verbose parsed url   query: null,
121 verbose parsed url   pathname: 'reactify@^1.1.1',
121 verbose parsed url   path: 'reactify@^1.1.1',
121 verbose parsed url   href: 'reactify@^1.1.1' }
122 verbose cache add name="gulp" spec="^3.9.0" args=["gulp","^3.9.0"]
123 verbose parsed url { protocol: null,
123 verbose parsed url   slashes: null,
123 verbose parsed url   auth: null,
123 verbose parsed url   host: null,
123 verbose parsed url   port: null,
123 verbose parsed url   hostname: null,
123 verbose parsed url   hash: null,
123 verbose parsed url   search: null,
123 verbose parsed url   query: null,
123 verbose parsed url   pathname: '^3.9.0',
123 verbose parsed url   path: '^3.9.0',
123 verbose parsed url   href: '^3.9.0' }
124 verbose addNamed [ 'gulp', '^3.9.0' ]
125 verbose addNamed [ null, '>=3.9.0-0 <4.0.0-0' ]
126 silly lockFile a7ccee77-gulp-3-9-0 gulp@^3.9.0
127 verbose lock gulp@^3.9.0 /home/whalen/.npm/a7ccee77-gulp-3-9-0.lock
128 verbose cache add name="gulp-browserify" spec="^0.5.1" args=["gulp-browserify","^0.5.1"]
129 verbose parsed url { protocol: null,
129 verbose parsed url   slashes: null,
129 verbose parsed url   auth: null,
129 verbose parsed url   host: null,
129 verbose parsed url   port: null,
129 verbose parsed url   hostname: null,
129 verbose parsed url   hash: null,
129 verbose parsed url   search: null,
129 verbose parsed url   query: null,
129 verbose parsed url   pathname: '^0.5.1',
129 verbose parsed url   path: '^0.5.1',
129 verbose parsed url   href: '^0.5.1' }
130 verbose addNamed [ 'gulp-browserify', '^0.5.1' ]
131 verbose addNamed [ null, '>=0.5.1-0 <0.6.0-0' ]
132 silly lockFile d073a4d6-gulp-browserify-0-5-1 gulp-browserify@^0.5.1
133 verbose lock gulp-browserify@^0.5.1 /home/whalen/.npm/d073a4d6-gulp-browserify-0-5-1.lock
134 verbose cache add name="gulp-concat" spec="^2.6.0" args=["gulp-concat","^2.6.0"]
135 verbose parsed url { protocol: null,
135 verbose parsed url   slashes: null,
135 verbose parsed url   auth: null,
135 verbose parsed url   host: null,
135 verbose parsed url   port: null,
135 verbose parsed url   hostname: null,
135 verbose parsed url   hash: null,
135 verbose parsed url   search: null,
135 verbose parsed url   query: null,
135 verbose parsed url   pathname: '^2.6.0',
135 verbose parsed url   path: '^2.6.0',
135 verbose parsed url   href: '^2.6.0' }
136 verbose addNamed [ 'gulp-concat', '^2.6.0' ]
137 verbose addNamed [ null, '>=2.6.0-0 <3.0.0-0' ]
138 silly lockFile 743f1d08-gulp-concat-2-6-0 gulp-concat@^2.6.0
139 verbose lock gulp-concat@^2.6.0 /home/whalen/.npm/743f1d08-gulp-concat-2-6-0.lock
140 verbose cache add name="gulp-connect" spec="^2.3.1" args=["gulp-connect","^2.3.1"]
141 verbose parsed url { protocol: null,
141 verbose parsed url   slashes: null,
141 verbose parsed url   auth: null,
141 verbose parsed url   host: null,
141 verbose parsed url   port: null,
141 verbose parsed url   hostname: null,
141 verbose parsed url   hash: null,
141 verbose parsed url   search: null,
141 verbose parsed url   query: null,
141 verbose parsed url   pathname: '^2.3.1',
141 verbose parsed url   path: '^2.3.1',
141 verbose parsed url   href: '^2.3.1' }
142 verbose addNamed [ 'gulp-connect', '^2.3.1' ]
143 verbose addNamed [ null, '>=2.3.1-0 <3.0.0-0' ]
144 silly lockFile 40575327-gulp-connect-2-3-1 gulp-connect@^2.3.1
145 verbose lock gulp-connect@^2.3.1 /home/whalen/.npm/40575327-gulp-connect-2-3-1.lock
146 verbose cache add name="gulp-react" spec="^3.1.0" args=["gulp-react","^3.1.0"]
147 verbose parsed url { protocol: null,
147 verbose parsed url   slashes: null,
147 verbose parsed url   auth: null,
147 verbose parsed url   host: null,
147 verbose parsed url   port: null,
147 verbose parsed url   hostname: null,
147 verbose parsed url   hash: null,
147 verbose parsed url   search: null,
147 verbose parsed url   query: null,
147 verbose parsed url   pathname: '^3.1.0',
147 verbose parsed url   path: '^3.1.0',
147 verbose parsed url   href: '^3.1.0' }
148 verbose addNamed [ 'gulp-react', '^3.1.0' ]
149 verbose addNamed [ null, '>=3.1.0-0 <4.0.0-0' ]
150 silly lockFile 18fa6b4d-gulp-react-3-1-0 gulp-react@^3.1.0
151 verbose lock gulp-react@^3.1.0 /home/whalen/.npm/18fa6b4d-gulp-react-3-1-0.lock
152 verbose cache add name="lodash" spec="^3.10.1" args=["lodash","^3.10.1"]
153 verbose parsed url { protocol: null,
153 verbose parsed url   slashes: null,
153 verbose parsed url   auth: null,
153 verbose parsed url   host: null,
153 verbose parsed url   port: null,
153 verbose parsed url   hostname: null,
153 verbose parsed url   hash: null,
153 verbose parsed url   search: null,
153 verbose parsed url   query: null,
153 verbose parsed url   pathname: '^3.10.1',
153 verbose parsed url   path: '^3.10.1',
153 verbose parsed url   href: '^3.10.1' }
154 verbose addNamed [ 'lodash', '^3.10.1' ]
155 verbose addNamed [ null, '>=3.10.1-0 <4.0.0-0' ]
156 silly lockFile 878fcc15-lodash-3-10-1 lodash@^3.10.1
157 verbose lock lodash@^3.10.1 /home/whalen/.npm/878fcc15-lodash-3-10-1.lock
158 verbose cache add name="reactify" spec="^1.1.1" args=["reactify","^1.1.1"]
159 verbose parsed url { protocol: null,
159 verbose parsed url   slashes: null,
159 verbose parsed url   auth: null,
159 verbose parsed url   host: null,
159 verbose parsed url   port: null,
159 verbose parsed url   hostname: null,
159 verbose parsed url   hash: null,
159 verbose parsed url   search: null,
159 verbose parsed url   query: null,
159 verbose parsed url   pathname: '^1.1.1',
159 verbose parsed url   path: '^1.1.1',
159 verbose parsed url   href: '^1.1.1' }
160 verbose addNamed [ 'reactify', '^1.1.1' ]
161 verbose addNamed [ null, '>=1.1.1-0 <2.0.0-0' ]
162 silly lockFile 1adadc2b-reactify-1-1-1 reactify@^1.1.1
163 verbose lock reactify@^1.1.1 /home/whalen/.npm/1adadc2b-reactify-1-1-1.lock
164 silly addNameRange { name: 'async', range: '>=1.5.2-0 <2.0.0-0', hasData: false }
165 silly addNameRange { name: 'await', range: '>=0.2.5-0 <0.3.0-0', hasData: false }
166 silly addNameRange { name: 'bluebird', range: '>=3.1.1-0 <4.0.0-0', hasData: false }
167 silly addNameRange { name: 'keymirror',
167 silly addNameRange   range: '>=0.1.1-0 <0.2.0-0',
167 silly addNameRange   hasData: false }
168 silly addNameRange { name: 'classnames',
168 silly addNameRange   range: '>=2.2.1-0 <3.0.0-0',
168 silly addNameRange   hasData: false }
169 silly addNameRange { name: 'flux', range: '>=2.1.1-0 <3.0.0-0', hasData: false }
170 silly addNameRange { name: 'react-dom',
170 silly addNameRange   range: '>=0.14.6-0 <0.15.0-0',
170 silly addNameRange   hasData: false }
171 silly addNameRange { name: 'object-assign',
171 silly addNameRange   range: '>=4.0.1-0 <5.0.0-0',
171 silly addNameRange   hasData: false }
172 verbose request where is /await
173 verbose request registry https://registry.npmjs.org/
174 verbose request id 1a483d1e2708a7b3
175 verbose url raw /await
176 verbose url resolving [ 'https://registry.npmjs.org/', './await' ]
177 verbose url resolved https://registry.npmjs.org/await
178 verbose request where is https://registry.npmjs.org/await
179 info trying registry request attempt 1 at 19:49:44
180 http GET https://registry.npmjs.org/await
181 silly addNameRange { name: 'react', range: '>=0.14.3-0 <0.15.0-0', hasData: false }
182 silly addNameRange { name: 'thenjs', range: '>=2.0.2-0 <3.0.0-0', hasData: false }
183 verbose request where is /react-dom
184 verbose request registry https://registry.npmjs.org/
185 verbose url raw /react-dom
186 verbose url resolving [ 'https://registry.npmjs.org/', './react-dom' ]
187 verbose url resolved https://registry.npmjs.org/react-dom
188 verbose request where is https://registry.npmjs.org/react-dom
189 info trying registry request attempt 1 at 19:49:44
190 http GET https://registry.npmjs.org/react-dom
191 silly addNameRange { name: 'gulp', range: '>=3.9.0-0 <4.0.0-0', hasData: false }
192 silly addNameRange { name: 'gulp-browserify',
192 silly addNameRange   range: '>=0.5.1-0 <0.6.0-0',
192 silly addNameRange   hasData: false }
193 silly addNameRange { name: 'reactify', range: '>=1.1.1-0 <2.0.0-0', hasData: false }
194 silly addNameRange { name: 'lodash', range: '>=3.10.1-0 <4.0.0-0', hasData: false }
195 silly addNameRange { name: 'gulp-concat',
195 silly addNameRange   range: '>=2.6.0-0 <3.0.0-0',
195 silly addNameRange   hasData: false }
196 silly addNameRange { name: 'gulp-connect',
196 silly addNameRange   range: '>=2.3.1-0 <3.0.0-0',
196 silly addNameRange   hasData: false }
197 silly addNameRange { name: 'gulp-react',
197 silly addNameRange   range: '>=3.1.0-0 <4.0.0-0',
197 silly addNameRange   hasData: false }
198 verbose request where is /thenjs
199 verbose request registry https://registry.npmjs.org/
200 verbose url raw /thenjs
201 verbose url resolving [ 'https://registry.npmjs.org/', './thenjs' ]
202 verbose url resolved https://registry.npmjs.org/thenjs
203 verbose request where is https://registry.npmjs.org/thenjs
204 info trying registry request attempt 1 at 19:49:44
205 http GET https://registry.npmjs.org/thenjs
206 verbose request where is /gulp-browserify
207 verbose request registry https://registry.npmjs.org/
208 verbose url raw /gulp-browserify
209 verbose url resolving [ 'https://registry.npmjs.org/', './gulp-browserify' ]
210 verbose url resolved https://registry.npmjs.org/gulp-browserify
211 verbose request where is https://registry.npmjs.org/gulp-browserify
212 info trying registry request attempt 1 at 19:49:44
213 http GET https://registry.npmjs.org/gulp-browserify
214 verbose request where is /gulp-concat
215 verbose request registry https://registry.npmjs.org/
216 verbose url raw /gulp-concat
217 verbose url resolving [ 'https://registry.npmjs.org/', './gulp-concat' ]
218 verbose url resolved https://registry.npmjs.org/gulp-concat
219 verbose request where is https://registry.npmjs.org/gulp-concat
220 info trying registry request attempt 1 at 19:49:44
221 http GET https://registry.npmjs.org/gulp-concat
222 verbose request where is /gulp-connect
223 verbose request registry https://registry.npmjs.org/
224 verbose url raw /gulp-connect
225 verbose url resolving [ 'https://registry.npmjs.org/', './gulp-connect' ]
226 verbose url resolved https://registry.npmjs.org/gulp-connect
227 verbose request where is https://registry.npmjs.org/gulp-connect
228 info trying registry request attempt 1 at 19:49:44
229 http GET https://registry.npmjs.org/gulp-connect
230 verbose request where is /gulp-react
231 verbose request registry https://registry.npmjs.org/
232 verbose url raw /gulp-react
233 verbose url resolving [ 'https://registry.npmjs.org/', './gulp-react' ]
234 verbose url resolved https://registry.npmjs.org/gulp-react
235 verbose request where is https://registry.npmjs.org/gulp-react
236 info trying registry request attempt 1 at 19:49:44
237 http GET https://registry.npmjs.org/gulp-react
238 verbose request where is /async
239 verbose request registry https://registry.npmjs.org/
240 verbose url raw /async
241 verbose url resolving [ 'https://registry.npmjs.org/', './async' ]
242 verbose url resolved https://registry.npmjs.org/async
243 verbose request where is https://registry.npmjs.org/async
244 info trying registry request attempt 1 at 19:49:44
245 verbose etag "BQQM0SS2CPQ7ZG3ZDMA3YG5U5"
246 http GET https://registry.npmjs.org/async
247 verbose request where is /classnames
248 verbose request registry https://registry.npmjs.org/
249 verbose url raw /classnames
250 verbose url resolving [ 'https://registry.npmjs.org/', './classnames' ]
251 verbose url resolved https://registry.npmjs.org/classnames
252 verbose request where is https://registry.npmjs.org/classnames
253 info trying registry request attempt 1 at 19:49:44
254 verbose etag "C821ZBP4BBYZXBBRRP4FC7YGT"
255 http GET https://registry.npmjs.org/classnames
256 verbose request where is /keymirror
257 verbose request registry https://registry.npmjs.org/
258 verbose url raw /keymirror
259 verbose url resolving [ 'https://registry.npmjs.org/', './keymirror' ]
260 verbose url resolved https://registry.npmjs.org/keymirror
261 verbose request where is https://registry.npmjs.org/keymirror
262 info trying registry request attempt 1 at 19:49:44
263 verbose etag "YGAL6ABX84UW098DITZER0F2"
264 http GET https://registry.npmjs.org/keymirror
265 verbose request where is /flux
266 verbose request registry https://registry.npmjs.org/
267 verbose url raw /flux
268 verbose url resolving [ 'https://registry.npmjs.org/', './flux' ]
269 verbose url resolved https://registry.npmjs.org/flux
270 verbose request where is https://registry.npmjs.org/flux
271 info trying registry request attempt 1 at 19:49:44
272 verbose etag "9DN3OAXWL4XG98G0BN08VM95K"
273 http GET https://registry.npmjs.org/flux
274 verbose request where is /object-assign
275 verbose request registry https://registry.npmjs.org/
276 verbose url raw /object-assign
277 verbose url resolving [ 'https://registry.npmjs.org/', './object-assign' ]
278 verbose url resolved https://registry.npmjs.org/object-assign
279 verbose request where is https://registry.npmjs.org/object-assign
280 info trying registry request attempt 1 at 19:49:44
281 verbose etag "9X5J81STMG1EY3P0PGJF4S0A2"
282 http GET https://registry.npmjs.org/object-assign
283 verbose request where is /bluebird
284 verbose request registry https://registry.npmjs.org/
285 verbose url raw /bluebird
286 verbose url resolving [ 'https://registry.npmjs.org/', './bluebird' ]
287 verbose url resolved https://registry.npmjs.org/bluebird
288 verbose request where is https://registry.npmjs.org/bluebird
289 info trying registry request attempt 1 at 19:49:44
290 verbose etag "3HPHXCO6Q82MM03TTCAYXVT8"
291 http GET https://registry.npmjs.org/bluebird
292 verbose request where is /react
293 verbose request registry https://registry.npmjs.org/
294 verbose url raw /react
295 verbose url resolving [ 'https://registry.npmjs.org/', './react' ]
296 verbose url resolved https://registry.npmjs.org/react
297 verbose request where is https://registry.npmjs.org/react
298 info trying registry request attempt 1 at 19:49:44
299 verbose etag "AASFAQOJ050X227H40XJBOA42"
300 http GET https://registry.npmjs.org/react
301 verbose request where is /reactify
302 verbose request registry https://registry.npmjs.org/
303 verbose url raw /reactify
304 verbose url resolving [ 'https://registry.npmjs.org/', './reactify' ]
305 verbose url resolved https://registry.npmjs.org/reactify
306 verbose request where is https://registry.npmjs.org/reactify
307 info trying registry request attempt 1 at 19:49:44
308 verbose etag "D1OELWZEDP54I2FF2CQEP2HGF"
309 http GET https://registry.npmjs.org/reactify
310 verbose request where is /gulp
311 verbose request registry https://registry.npmjs.org/
312 verbose url raw /gulp
313 verbose url resolving [ 'https://registry.npmjs.org/', './gulp' ]
314 verbose url resolved https://registry.npmjs.org/gulp
315 verbose request where is https://registry.npmjs.org/gulp
316 info trying registry request attempt 1 at 19:49:44
317 verbose etag "A7KNX6SVJ5HBVTYL4D8G4TKH3"
318 http GET https://registry.npmjs.org/gulp
319 verbose request where is /lodash
320 verbose request registry https://registry.npmjs.org/
321 verbose url raw /lodash
322 verbose url resolving [ 'https://registry.npmjs.org/', './lodash' ]
323 verbose url resolved https://registry.npmjs.org/lodash
324 verbose request where is https://registry.npmjs.org/lodash
325 info trying registry request attempt 1 at 19:49:44
326 verbose etag "AOE4PPFDEKCGFNH1UWBB95TAV"
327 http GET https://registry.npmjs.org/lodash
328 http 200 https://registry.npmjs.org/react-dom
329 silly registry.get cb [ 200,
329 silly registry.get   { server: 'CouchDB/1.5.0 (Erlang OTP/R16B03)',
329 silly registry.get     etag: '"1WYF9D1SRSF9EKY9TU0A9EFRK"',
329 silly registry.get     'content-type': 'application/json',
329 silly registry.get     'cache-control': 'max-age=300',
329 silly registry.get     'content-length': '14613',
329 silly registry.get     'accept-ranges': 'bytes',
329 silly registry.get     date: 'Wed, 20 Jan 2016 11:49:45 GMT',
329 silly registry.get     via: '1.1 varnish',
329 silly registry.get     age: '27',
329 silly registry.get     connection: 'keep-alive',
329 silly registry.get     'x-served-by': 'cache-nrt6121-NRT',
329 silly registry.get     'x-cache': 'HIT',
329 silly registry.get     'x-cache-hits': '1',
329 silly registry.get     'x-timer': 'S1453290585.110195,VS0,VE0',
329 silly registry.get     vary: 'Accept' } ]
330 silly addNameRange number 2 { name: 'react-dom',
330 silly addNameRange   range: '>=0.14.6-0 <0.15.0-0',
330 silly addNameRange   hasData: true }
331 silly addNameRange versions [ 'react-dom',
331 silly addNameRange   [ '0.1.0',
331 silly addNameRange     '0.14.0-beta1',
331 silly addNameRange     '0.14.0-beta2',
331 silly addNameRange     '0.14.0-beta3',
331 silly addNameRange     '0.14.0-rc1',
331 silly addNameRange     '0.14.0',
331 silly addNameRange     '0.14.1',
331 silly addNameRange     '0.14.2',
331 silly addNameRange     '0.14.3',
331 silly addNameRange     '0.14.4',
331 silly addNameRange     '0.14.5',
331 silly addNameRange     '0.14.6' ] ]
332 verbose addNamed [ 'react-dom', '0.14.6' ]
333 verbose addNamed [ '0.14.6', '0.14.6' ]
334 silly lockFile fc3fc539-react-dom-0-14-6 react-dom@0.14.6
335 verbose lock react-dom@0.14.6 /home/whalen/.npm/fc3fc539-react-dom-0-14-6.lock
336 silly lockFile f2985f89-g-react-dom-react-dom-0-14-6-tgz https://registry.npmjs.org/react-dom/-/react-dom-0.14.6.tgz
337 verbose lock https://registry.npmjs.org/react-dom/-/react-dom-0.14.6.tgz /home/whalen/.npm/f2985f89-g-react-dom-react-dom-0-14-6-tgz.lock
338 verbose addRemoteTarball [ 'https://registry.npmjs.org/react-dom/-/react-dom-0.14.6.tgz',
338 verbose addRemoteTarball   '46d4e3243884f277e89ce8759131e8a16ac23e65' ]
339 info retry fetch attempt 1 at 19:49:45
340 verbose fetch to= /tmp/npm-28632-jcCsWZ7Y/registry.npmjs.org/react-dom/-/react-dom-0.14.6.tgz
341 http GET https://registry.npmjs.org/react-dom/-/react-dom-0.14.6.tgz
342 http 200 https://registry.npmjs.org/gulp-concat
343 silly registry.get cb [ 200,
343 silly registry.get   { server: 'CouchDB/1.5.0 (Erlang OTP/R16B03)',
343 silly registry.get     etag: '"89U4L3N9R2PJEBUTQA1C573NO"',
343 silly registry.get     'content-type': 'application/json',
343 silly registry.get     'cache-control': 'max-age=300',
343 silly registry.get     'content-length': '38566',
343 silly registry.get     'accept-ranges': 'bytes',
343 silly registry.get     date: 'Wed, 20 Jan 2016 11:49:45 GMT',
343 silly registry.get     via: '1.1 varnish',
343 silly registry.get     age: '11',
343 silly registry.get     connection: 'keep-alive',
343 silly registry.get     'x-served-by': 'cache-nrt6132-NRT',
343 silly registry.get     'x-cache': 'HIT',
343 silly registry.get     'x-cache-hits': '1',
343 silly registry.get     'x-timer': 'S1453290585.120303,VS0,VE0',
343 silly registry.get     vary: 'Accept' } ]
344 silly addNameRange number 2 { name: 'gulp-concat',
344 silly addNameRange   range: '>=2.6.0-0 <3.0.0-0',
344 silly addNameRange   hasData: true }
345 silly addNameRange versions [ 'gulp-concat',
345 silly addNameRange   [ '0.0.1',
345 silly addNameRange     '1.0.0',
345 silly addNameRange     '1.1.0',
345 silly addNameRange     '2.0.0',
345 silly addNameRange     '2.1.0',
345 silly addNameRange     '2.1.1',
345 silly addNameRange     '2.1.2',
345 silly addNameRange     '2.1.3',
345 silly addNameRange     '2.1.4',
345 silly addNameRange     '2.1.5',
345 silly addNameRange     '2.1.6',
345 silly addNameRange     '2.1.7',
345 silly addNameRange     '2.2.0',
345 silly addNameRange     '2.3.0',
345 silly addNameRange     '2.3.3',
345 silly addNameRange     '2.3.4',
345 silly addNameRange     '2.3.5',
345 silly addNameRange     '2.4.0',
345 silly addNameRange     '2.4.1',
345 silly addNameRange     '2.4.2',
345 silly addNameRange     '2.4.3',
345 silly addNameRange     '2.5.0',
345 silly addNameRange     '2.5.1',
345 silly addNameRange     '2.5.2',
345 silly addNameRange     '2.6.0' ] ]
346 verbose addNamed [ 'gulp-concat', '2.6.0' ]
347 verbose addNamed [ '2.6.0', '2.6.0' ]
348 silly lockFile 03b8a742-gulp-concat-2-6-0 gulp-concat@2.6.0
349 verbose lock gulp-concat@2.6.0 /home/whalen/.npm/03b8a742-gulp-concat-2-6-0.lock
350 silly lockFile a5bb2ad5-ulp-concat-gulp-concat-2-6-0-tgz https://registry.npmjs.org/gulp-concat/-/gulp-concat-2.6.0.tgz
351 verbose lock https://registry.npmjs.org/gulp-concat/-/gulp-concat-2.6.0.tgz /home/whalen/.npm/a5bb2ad5-ulp-concat-gulp-concat-2-6-0-tgz.lock
352 verbose addRemoteTarball [ 'https://registry.npmjs.org/gulp-concat/-/gulp-concat-2.6.0.tgz',
352 verbose addRemoteTarball   '585cfb115411f348773131140566b6a81c69cb91' ]
353 info retry fetch attempt 1 at 19:49:45
354 verbose fetch to= /tmp/npm-28632-jcCsWZ7Y/registry.npmjs.org/gulp-concat/-/gulp-concat-2.6.0.tgz
355 http GET https://registry.npmjs.org/gulp-concat/-/gulp-concat-2.6.0.tgz
356 http 200 https://registry.npmjs.org/await
357 silly registry.get cb [ 200,
357 silly registry.get   { server: 'CouchDB/1.5.0 (Erlang OTP/R16B03)',
357 silly registry.get     etag: '"A4BDRE7888X413WBSQBTG0M8F"',
357 silly registry.get     'content-type': 'application/json',
357 silly registry.get     'cache-control': 'max-age=300',
357 silly registry.get     'content-length': '31422',
357 silly registry.get     'accept-ranges': 'bytes',
357 silly registry.get     date: 'Wed, 20 Jan 2016 11:49:45 GMT',
357 silly registry.get     via: '1.1 varnish',
357 silly registry.get     age: '0',
357 silly registry.get     connection: 'keep-alive',
357 silly registry.get     'x-served-by': 'cache-nrt6127-NRT',
357 silly registry.get     'x-cache': 'MISS',
357 silly registry.get     'x-cache-hits': '0',
357 silly registry.get     'x-timer': 'S1453290585.103559,VS0,VE358',
357 silly registry.get     vary: 'Accept' } ]
358 silly addNameRange number 2 { name: 'await', range: '>=0.2.5-0 <0.3.0-0', hasData: true }
359 silly addNameRange versions [ 'await',
359 silly addNameRange   [ '0.1.0',
359 silly addNameRange     '0.1.1',
359 silly addNameRange     '0.1.2',
359 silly addNameRange     '0.1.3',
359 silly addNameRange     '0.1.4',
359 silly addNameRange     '0.1.5',
359 silly addNameRange     '0.2.0',
359 silly addNameRange     '0.2.1',
359 silly addNameRange     '0.2.2',
359 silly addNameRange     '0.2.3',
359 silly addNameRange     '0.2.4',
359 silly addNameRange     '0.2.5' ] ]
360 verbose addNamed [ 'await', '0.2.5' ]
361 verbose addNamed [ '0.2.5', '0.2.5' ]
362 silly lockFile b0c85bc5-await-0-2-5 await@0.2.5
363 verbose lock await@0.2.5 /home/whalen/.npm/b0c85bc5-await-0-2-5.lock
364 silly lockFile 2c9e736d--npmjs-org-await-await-0-2-5-tgz https://registry.npmjs.org/await/-/await-0.2.5.tgz
365 verbose lock https://registry.npmjs.org/await/-/await-0.2.5.tgz /home/whalen/.npm/2c9e736d--npmjs-org-await-await-0-2-5-tgz.lock
366 verbose addRemoteTarball [ 'https://registry.npmjs.org/await/-/await-0.2.5.tgz',
366 verbose addRemoteTarball   '6de5a694efc9b786cecc87941abb716f408575ef' ]
367 info retry fetch attempt 1 at 19:49:46
368 verbose fetch to= /tmp/npm-28632-jcCsWZ7Y/registry.npmjs.org/await/-/await-0.2.5.tgz
369 http GET https://registry.npmjs.org/await/-/await-0.2.5.tgz
370 http 200 https://registry.npmjs.org/gulp-react
371 silly registry.get cb [ 200,
371 silly registry.get   { server: 'CouchDB/1.5.0 (Erlang OTP/R16B03)',
371 silly registry.get     etag: '"4GJQRFJSOOGRTEE866SRKR6A4"',
371 silly registry.get     'content-type': 'application/json',
371 silly registry.get     'cache-control': 'max-age=300',
371 silly registry.get     'content-length': '23597',
371 silly registry.get     'accept-ranges': 'bytes',
371 silly registry.get     date: 'Wed, 20 Jan 2016 11:49:46 GMT',
371 silly registry.get     via: '1.1 varnish',
371 silly registry.get     age: '0',
371 silly registry.get     connection: 'keep-alive',
371 silly registry.get     'x-served-by': 'cache-nrt6132-NRT',
371 silly registry.get     'x-cache': 'HIT',
371 silly registry.get     'x-cache-hits': '1',
371 silly registry.get     'x-timer': 'S1453290585.527070,VS0,VE711',
371 silly registry.get     vary: 'Accept' } ]
372 silly addNameRange number 2 { name: 'gulp-react',
372 silly addNameRange   range: '>=3.1.0-0 <4.0.0-0',
372 silly addNameRange   hasData: true }
373 silly addNameRange versions [ 'gulp-react',
373 silly addNameRange   [ '0.1.0',
373 silly addNameRange     '0.1.1',
373 silly addNameRange     '0.1.2',
373 silly addNameRange     '0.2.0',
373 silly addNameRange     '0.3.0',
373 silly addNameRange     '0.3.1',
373 silly addNameRange     '0.3.2',
373 silly addNameRange     '0.3.3',
373 silly addNameRange     '0.4.0',
373 silly addNameRange     '0.5.0',
373 silly addNameRange     '1.0.0',
373 silly addNameRange     '1.0.1',
373 silly addNameRange     '1.0.2',
373 silly addNameRange     '2.0.0',
373 silly addNameRange     '3.0.0',
373 silly addNameRange     '3.0.1',
373 silly addNameRange     '3.1.0' ] ]
374 verbose addNamed [ 'gulp-react', '3.1.0' ]
375 verbose addNamed [ '3.1.0', '3.1.0' ]
376 silly lockFile c3ac4576-gulp-react-3-1-0 gulp-react@3.1.0
377 verbose lock gulp-react@3.1.0 /home/whalen/.npm/c3ac4576-gulp-react-3-1-0.lock
378 silly lockFile 2e0c8291--gulp-react-gulp-react-3-1-0-tgz https://registry.npmjs.org/gulp-react/-/gulp-react-3.1.0.tgz
379 verbose lock https://registry.npmjs.org/gulp-react/-/gulp-react-3.1.0.tgz /home/whalen/.npm/2e0c8291--gulp-react-gulp-react-3-1-0-tgz.lock
380 verbose addRemoteTarball [ 'https://registry.npmjs.org/gulp-react/-/gulp-react-3.1.0.tgz',
380 verbose addRemoteTarball   '82b3dc7e9d11fd00e26580b3b065a27c106e04b6' ]
381 info retry fetch attempt 1 at 19:49:47
382 verbose fetch to= /tmp/npm-28632-jcCsWZ7Y/registry.npmjs.org/gulp-react/-/gulp-react-3.1.0.tgz
383 http GET https://registry.npmjs.org/gulp-react/-/gulp-react-3.1.0.tgz
384 http 200 https://registry.npmjs.org/classnames
385 silly registry.get cb [ 200,
385 silly registry.get   { server: 'CouchDB/1.5.0 (Erlang OTP/R16B03)',
385 silly registry.get     etag: '"AGUUWSFH8LGOWQEHMGQX8KIEL"',
385 silly registry.get     'content-type': 'application/json',
385 silly registry.get     'cache-control': 'max-age=300',
385 silly registry.get     'content-length': '29381',
385 silly registry.get     'accept-ranges': 'bytes',
385 silly registry.get     date: 'Wed, 20 Jan 2016 11:49:47 GMT',
385 silly registry.get     via: '1.1 varnish',
385 silly registry.get     age: '0',
385 silly registry.get     connection: 'keep-alive',
385 silly registry.get     'x-served-by': 'cache-nrt6132-NRT',
385 silly registry.get     'x-cache': 'HIT',
385 silly registry.get     'x-cache-hits': '1',
385 silly registry.get     'x-timer': 'S1453290587.480110,VS0,VE181',
385 silly registry.get     vary: 'Accept' } ]
386 silly addNameRange number 2 { name: 'classnames',
386 silly addNameRange   range: '>=2.2.1-0 <3.0.0-0',
386 silly addNameRange   hasData: true }
387 silly addNameRange versions [ 'classnames',
387 silly addNameRange   [ '1.0.0',
387 silly addNameRange     '1.1.0',
387 silly addNameRange     '1.1.1',
387 silly addNameRange     '1.1.2',
387 silly addNameRange     '1.1.3',
387 silly addNameRange     '1.1.4',
387 silly addNameRange     '1.2.0',
387 silly addNameRange     '1.2.1',
387 silly addNameRange     '1.2.2',
387 silly addNameRange     '2.0.0',
387 silly addNameRange     '2.1.0',
387 silly addNameRange     '2.1.1',
387 silly addNameRange     '2.1.2',
387 silly addNameRange     '2.1.3',
387 silly addNameRange     '2.1.4',
387 silly addNameRange     '2.1.5',
387 silly addNameRange     '2.2.0',
387 silly addNameRange     '2.2.1',
387 silly addNameRange     '2.2.2',
387 silly addNameRange     '2.2.3' ] ]
388 verbose addNamed [ 'classnames', '2.2.3' ]
389 verbose addNamed [ '2.2.3', '2.2.3' ]
390 silly lockFile 447180d4-classnames-2-2-3 classnames@2.2.3
391 verbose lock classnames@2.2.3 /home/whalen/.npm/447180d4-classnames-2-2-3.lock
392 silly lockFile a074439a--classnames-classnames-2-2-3-tgz https://registry.npmjs.org/classnames/-/classnames-2.2.3.tgz
393 verbose lock https://registry.npmjs.org/classnames/-/classnames-2.2.3.tgz /home/whalen/.npm/a074439a--classnames-classnames-2-2-3-tgz.lock
394 verbose addRemoteTarball [ 'https://registry.npmjs.org/classnames/-/classnames-2.2.3.tgz',
394 verbose addRemoteTarball   '551b774b6762a0c0a997187f7ba4f1d603961ac5' ]
395 info retry fetch attempt 1 at 19:49:48
396 verbose fetch to= /tmp/npm-28632-jcCsWZ7Y/registry.npmjs.org/classnames/-/classnames-2.2.3.tgz
397 http GET https://registry.npmjs.org/classnames/-/classnames-2.2.3.tgz
398 http 200 https://registry.npmjs.org/react-dom/-/react-dom-0.14.6.tgz
399 silly lockFile f2985f89-g-react-dom-react-dom-0-14-6-tgz https://registry.npmjs.org/react-dom/-/react-dom-0.14.6.tgz
400 silly lockFile f2985f89-g-react-dom-react-dom-0-14-6-tgz https://registry.npmjs.org/react-dom/-/react-dom-0.14.6.tgz
401 silly lockFile fc3fc539-react-dom-0-14-6 react-dom@0.14.6
402 silly lockFile fc3fc539-react-dom-0-14-6 react-dom@0.14.6
403 silly lockFile 6d4ca84f-react-dom-0-14-6 react-dom@^0.14.6
404 silly lockFile 6d4ca84f-react-dom-0-14-6 react-dom@^0.14.6
405 http 200 https://registry.npmjs.org/gulp-concat/-/gulp-concat-2.6.0.tgz
406 silly lockFile a5bb2ad5-ulp-concat-gulp-concat-2-6-0-tgz https://registry.npmjs.org/gulp-concat/-/gulp-concat-2.6.0.tgz
407 silly lockFile a5bb2ad5-ulp-concat-gulp-concat-2-6-0-tgz https://registry.npmjs.org/gulp-concat/-/gulp-concat-2.6.0.tgz
408 silly lockFile 03b8a742-gulp-concat-2-6-0 gulp-concat@2.6.0
409 silly lockFile 03b8a742-gulp-concat-2-6-0 gulp-concat@2.6.0
410 silly lockFile 743f1d08-gulp-concat-2-6-0 gulp-concat@^2.6.0
411 silly lockFile 743f1d08-gulp-concat-2-6-0 gulp-concat@^2.6.0
412 http 200 https://registry.npmjs.org/gulp-connect
413 silly registry.get cb [ 200,
413 silly registry.get   { server: 'CouchDB/1.5.0 (Erlang OTP/R16B03)',
413 silly registry.get     etag: '"7T06FXU8NEROHSQQBAYCRL9BR"',
413 silly registry.get     'content-type': 'application/json',
413 silly registry.get     'cache-control': 'max-age=300',
413 silly registry.get     'content-length': '50314',
413 silly registry.get     'accept-ranges': 'bytes',
413 silly registry.get     date: 'Wed, 20 Jan 2016 11:49:45 GMT',
413 silly registry.get     via: '1.1 varnish',
413 silly registry.get     age: '126',
413 silly registry.get     connection: 'keep-alive',
413 silly registry.get     'x-served-by': 'cache-nrt6121-NRT',
413 silly registry.get     'x-cache': 'HIT',
413 silly registry.get     'x-cache-hits': '1',
413 silly registry.get     'x-timer': 'S1453290585.519853,VS0,VE0',
413 silly registry.get     vary: 'Accept' } ]
414 silly addNameRange number 2 { name: 'gulp-connect',
414 silly addNameRange   range: '>=2.3.1-0 <3.0.0-0',
414 silly addNameRange   hasData: true }
415 silly addNameRange versions [ 'gulp-connect',
415 silly addNameRange   [ '0.0.1',
415 silly addNameRange     '0.1.1',
415 silly addNameRange     '0.1.2',
415 silly addNameRange     '0.1.3',
415 silly addNameRange     '0.1.4',
415 silly addNameRange     '0.1.5',
415 silly addNameRange     '0.1.6',
415 silly addNameRange     '0.2.0',
415 silly addNameRange     '0.3.0',
415 silly addNameRange     '0.3.1',
415 silly addNameRange     '0.4.0',
415 silly addNameRange     '0.5.0',
415 silly addNameRange     '0.6.0',
415 silly addNameRange     '0.7.0',
415 silly addNameRange     '0.8.0',
415 silly addNameRange     '0.9.0',
415 silly addNameRange     '1.0.0',
415 silly addNameRange     '1.0.1',
415 silly addNameRange     '1.0.2',
415 silly addNameRange     '1.0.3',
415 silly addNameRange     '1.0.4',
415 silly addNameRange     '1.0.5',
415 silly addNameRange     '1.0.6',
415 silly addNameRange     '1.0.7',
415 silly addNameRange     '1.0.9',
415 silly addNameRange     '1.0.10',
415 silly addNameRange     '1.1.0',
415 silly addNameRange     '1.1.1',
415 silly addNameRange     '2.0.0',
415 silly addNameRange     '2.0.1',
415 silly addNameRange     '2.0.2',
415 silly addNameRange     '2.0.3',
415 silly addNameRange     '2.0.4',
415 silly addNameRange     '2.0.5',
415 silly addNameRange     '2.0.6',
415 silly addNameRange     '2.1.0',
415 silly addNameRange     '2.2.0',
415 silly addNameRange     '2.3.0',
415 silly addNameRange     '2.3.1' ] ]
416 verbose addNamed [ 'gulp-connect', '2.3.1' ]
417 verbose addNamed [ '2.3.1', '2.3.1' ]
418 silly lockFile 0b1f7f95-gulp-connect-2-3-1 gulp-connect@2.3.1
419 verbose lock gulp-connect@2.3.1 /home/whalen/.npm/0b1f7f95-gulp-connect-2-3-1.lock
420 silly lockFile 86fc36a5-p-connect-gulp-connect-2-3-1-tgz https://registry.npmjs.org/gulp-connect/-/gulp-connect-2.3.1.tgz
421 verbose lock https://registry.npmjs.org/gulp-connect/-/gulp-connect-2.3.1.tgz /home/whalen/.npm/86fc36a5-p-connect-gulp-connect-2-3-1-tgz.lock
422 verbose addRemoteTarball [ 'https://registry.npmjs.org/gulp-connect/-/gulp-connect-2.3.1.tgz',
422 verbose addRemoteTarball   '14ae7173328b691252b01fc1930a39cbb24fb33c' ]
423 info retry fetch attempt 1 at 19:49:49
424 verbose fetch to= /tmp/npm-28632-jcCsWZ7Y/registry.npmjs.org/gulp-connect/-/gulp-connect-2.3.1.tgz
425 http GET https://registry.npmjs.org/gulp-connect/-/gulp-connect-2.3.1.tgz
426 http 200 https://registry.npmjs.org/keymirror
427 silly registry.get cb [ 200,
427 silly registry.get   { server: 'CouchDB/1.5.0 (Erlang OTP/R16B03)',
427 silly registry.get     etag: '"B7T2AIJC8Y8I27H2OVAKRVWN3"',
427 silly registry.get     'content-type': 'application/json',
427 silly registry.get     'cache-control': 'max-age=300',
427 silly registry.get     'content-length': '3649',
427 silly registry.get     'accept-ranges': 'bytes',
427 silly registry.get     date: 'Wed, 20 Jan 2016 11:49:49 GMT',
427 silly registry.get     via: '1.1 varnish',
427 silly registry.get     age: '0',
427 silly registry.get     connection: 'keep-alive',
427 silly registry.get     'x-served-by': 'cache-nrt6132-NRT',
427 silly registry.get     'x-cache': 'HIT',
427 silly registry.get     'x-cache-hits': '1',
427 silly registry.get     'x-timer': 'S1453290588.708707,VS0,VE519',
427 silly registry.get     vary: 'Accept' } ]
428 silly addNameRange number 2 { name: 'keymirror', range: '>=0.1.1-0 <0.2.0-0', hasData: true }
429 silly addNameRange versions [ 'keymirror', [ '0.1.0', '0.1.1' ] ]
430 verbose addNamed [ 'keymirror', '0.1.1' ]
431 verbose addNamed [ '0.1.1', '0.1.1' ]
432 silly lockFile 3b0c1b6b-keymirror-0-1-1 keymirror@0.1.1
433 verbose lock keymirror@0.1.1 /home/whalen/.npm/3b0c1b6b-keymirror-0-1-1.lock
434 silly lockFile 3b0c1b6b-keymirror-0-1-1 keymirror@0.1.1
435 silly lockFile 3b0c1b6b-keymirror-0-1-1 keymirror@0.1.1
436 silly lockFile 11afe8b6-keymirror-0-1-1 keymirror@^0.1.1
437 silly lockFile 11afe8b6-keymirror-0-1-1 keymirror@^0.1.1
438 http 200 https://registry.npmjs.org/await/-/await-0.2.5.tgz
439 silly lockFile 2c9e736d--npmjs-org-await-await-0-2-5-tgz https://registry.npmjs.org/await/-/await-0.2.5.tgz
440 silly lockFile 2c9e736d--npmjs-org-await-await-0-2-5-tgz https://registry.npmjs.org/await/-/await-0.2.5.tgz
441 silly lockFile b0c85bc5-await-0-2-5 await@0.2.5
442 silly lockFile b0c85bc5-await-0-2-5 await@0.2.5
443 silly lockFile 88499c7a-await-0-2-5 await@^0.2.5
444 silly lockFile 88499c7a-await-0-2-5 await@^0.2.5
445 http 200 https://registry.npmjs.org/gulp-react/-/gulp-react-3.1.0.tgz
446 silly lockFile 2e0c8291--gulp-react-gulp-react-3-1-0-tgz https://registry.npmjs.org/gulp-react/-/gulp-react-3.1.0.tgz
447 silly lockFile 2e0c8291--gulp-react-gulp-react-3-1-0-tgz https://registry.npmjs.org/gulp-react/-/gulp-react-3.1.0.tgz
448 silly lockFile c3ac4576-gulp-react-3-1-0 gulp-react@3.1.0
449 silly lockFile c3ac4576-gulp-react-3-1-0 gulp-react@3.1.0
450 silly lockFile 18fa6b4d-gulp-react-3-1-0 gulp-react@^3.1.0
451 silly lockFile 18fa6b4d-gulp-react-3-1-0 gulp-react@^3.1.0
452 http 200 https://registry.npmjs.org/classnames/-/classnames-2.2.3.tgz
453 silly lockFile a074439a--classnames-classnames-2-2-3-tgz https://registry.npmjs.org/classnames/-/classnames-2.2.3.tgz
454 silly lockFile a074439a--classnames-classnames-2-2-3-tgz https://registry.npmjs.org/classnames/-/classnames-2.2.3.tgz
455 silly lockFile 447180d4-classnames-2-2-3 classnames@2.2.3
456 silly lockFile 447180d4-classnames-2-2-3 classnames@2.2.3
457 silly lockFile 7c369b81-classnames-2-2-1 classnames@^2.2.1
458 silly lockFile 7c369b81-classnames-2-2-1 classnames@^2.2.1
459 http 200 https://registry.npmjs.org/gulp-browserify
460 silly registry.get cb [ 200,
460 silly registry.get   { server: 'CouchDB/1.5.0 (Erlang OTP/R16B03)',
460 silly registry.get     etag: '"EY1LU5BTSWJM1913VCQPU1TN9"',
460 silly registry.get     'content-type': 'application/json',
460 silly registry.get     'cache-control': 'max-age=300',
460 silly registry.get     'content-length': '37800',
460 silly registry.get     'accept-ranges': 'bytes',
460 silly registry.get     date: 'Wed, 20 Jan 2016 11:49:50 GMT',
460 silly registry.get     via: '1.1 varnish',
460 silly registry.get     age: '12',
460 silly registry.get     connection: 'keep-alive',
460 silly registry.get     'x-served-by': 'cache-nrt6134-NRT',
460 silly registry.get     'x-cache': 'HIT',
460 silly registry.get     'x-cache-hits': '1',
460 silly registry.get     'x-timer': 'S1453290590.259644,VS0,VE0',
460 silly registry.get     vary: 'Accept' } ]
461 silly addNameRange number 2 { name: 'gulp-browserify',
461 silly addNameRange   range: '>=0.5.1-0 <0.6.0-0',
461 silly addNameRange   hasData: true }
462 silly addNameRange versions [ 'gulp-browserify',
462 silly addNameRange   [ '0.1.0',
462 silly addNameRange     '0.1.1',
462 silly addNameRange     '0.1.2',
462 silly addNameRange     '0.2.2',
462 silly addNameRange     '0.2.3',
462 silly addNameRange     '0.2.4',
462 silly addNameRange     '0.2.5',
462 silly addNameRange     '0.2.6',
462 silly addNameRange     '0.2.7',
462 silly addNameRange     '0.3.0',
462 silly addNameRange     '0.3.1',
462 silly addNameRange     '0.3.2',
462 silly addNameRange     '0.3.3',
462 silly addNameRange     '0.3.4',
462 silly addNameRange     '0.4.0',
462 silly addNameRange     '0.4.1',
462 silly addNameRange     '0.4.2',
462 silly addNameRange     '0.4.3',
462 silly addNameRange     '0.4.4',
462 silly addNameRange     '0.4.5',
462 silly addNameRange     '0.4.6',
462 silly addNameRange     '0.5.0',
462 silly addNameRange     '0.5.1' ] ]
463 verbose addNamed [ 'gulp-browserify', '0.5.1' ]
464 verbose addNamed [ '0.5.1', '0.5.1' ]
465 silly lockFile 238d2b6c-gulp-browserify-0-5-1 gulp-browserify@0.5.1
466 verbose lock gulp-browserify@0.5.1 /home/whalen/.npm/238d2b6c-gulp-browserify-0-5-1.lock
467 silly lockFile 8539d933-serify-gulp-browserify-0-5-1-tgz https://registry.npmjs.org/gulp-browserify/-/gulp-browserify-0.5.1.tgz
468 verbose lock https://registry.npmjs.org/gulp-browserify/-/gulp-browserify-0.5.1.tgz /home/whalen/.npm/8539d933-serify-gulp-browserify-0-5-1-tgz.lock
469 verbose addRemoteTarball [ 'https://registry.npmjs.org/gulp-browserify/-/gulp-browserify-0.5.1.tgz',
469 verbose addRemoteTarball   '820108ac2554a954adb8be17d23958b0c04be083' ]
470 info retry fetch attempt 1 at 19:49:51
471 verbose fetch to= /tmp/npm-28632-jcCsWZ7Y/registry.npmjs.org/gulp-browserify/-/gulp-browserify-0.5.1.tgz
472 http GET https://registry.npmjs.org/gulp-browserify/-/gulp-browserify-0.5.1.tgz
473 http 200 https://registry.npmjs.org/object-assign
474 silly registry.get cb [ 200,
474 silly registry.get   { server: 'CouchDB/1.5.0 (Erlang OTP/R16B03)',
474 silly registry.get     etag: '"26R4NA5TCYAE2EWZ602UH4A8L"',
474 silly registry.get     'content-type': 'application/json',
474 silly registry.get     'cache-control': 'max-age=300',
474 silly registry.get     'content-length': '19929',
474 silly registry.get     'accept-ranges': 'bytes',
474 silly registry.get     date: 'Wed, 20 Jan 2016 11:49:50 GMT',
474 silly registry.get     via: '1.1 varnish',
474 silly registry.get     age: '300',
474 silly registry.get     connection: 'keep-alive',
474 silly registry.get     'x-served-by': 'cache-nrt6132-NRT',
474 silly registry.get     'x-cache': 'HIT',
474 silly registry.get     'x-cache-hits': '10',
474 silly registry.get     'x-timer': 'S1453290590.174457,VS0,VE0',
474 silly registry.get     vary: 'Accept' } ]
475 silly addNameRange number 2 { name: 'object-assign',
475 silly addNameRange   range: '>=4.0.1-0 <5.0.0-0',
475 silly addNameRange   hasData: true }
476 silly addNameRange versions [ 'object-assign',
476 silly addNameRange   [ '0.1.0',
476 silly addNameRange     '0.1.1',
476 silly addNameRange     '0.1.2',
476 silly addNameRange     '0.2.0',
476 silly addNameRange     '0.2.1',
476 silly addNameRange     '0.2.2',
476 silly addNameRange     '0.3.0',
476 silly addNameRange     '0.3.1',
476 silly addNameRange     '0.4.0',
476 silly addNameRange     '1.0.0',
476 silly addNameRange     '2.0.0',
476 silly addNameRange     '3.0.0',
476 silly addNameRange     '2.1.1',
476 silly addNameRange     '4.0.0',
476 silly addNameRange     '4.0.1' ] ]
477 verbose addNamed [ 'object-assign', '4.0.1' ]
478 verbose addNamed [ '4.0.1', '4.0.1' ]
479 silly lockFile 315db0a1-object-assign-4-0-1 object-assign@4.0.1
480 verbose lock object-assign@4.0.1 /home/whalen/.npm/315db0a1-object-assign-4-0-1.lock
481 silly lockFile 315db0a1-object-assign-4-0-1 object-assign@4.0.1
482 silly lockFile 315db0a1-object-assign-4-0-1 object-assign@4.0.1
483 silly lockFile 07ecbd72-object-assign-4-0-1 object-assign@^4.0.1
484 silly lockFile 07ecbd72-object-assign-4-0-1 object-assign@^4.0.1
485 http 200 https://registry.npmjs.org/async
486 silly registry.get cb [ 200,
486 silly registry.get   { server: 'CouchDB/1.5.0 (Erlang OTP/R16B03)',
486 silly registry.get     etag: '"4351PKTSGIPZMBCF859JNGSED"',
486 silly registry.get     'content-type': 'application/json',
486 silly registry.get     'cache-control': 'max-age=300',
486 silly registry.get     'content-length': '140215',
486 silly registry.get     'accept-ranges': 'bytes',
486 silly registry.get     date: 'Wed, 20 Jan 2016 11:49:47 GMT',
486 silly registry.get     via: '1.1 varnish',
486 silly registry.get     age: '196',
486 silly registry.get     connection: 'keep-alive',
486 silly registry.get     'x-served-by': 'cache-nrt6127-NRT',
486 silly registry.get     'x-cache': 'HIT',
486 silly registry.get     'x-cache-hits': '139',
486 silly registry.get     'x-timer': 'S1453290587.438310,VS0,VE0',
486 silly registry.get     vary: 'Accept' } ]
487 silly addNameRange number 2 { name: 'async', range: '>=1.5.2-0 <2.0.0-0', hasData: true }
488 silly addNameRange versions [ 'async',
488 silly addNameRange   [ '0.1.0',
488 silly addNameRange     '0.1.1',
488 silly addNameRange     '0.1.2',
488 silly addNameRange     '0.1.3',
488 silly addNameRange     '0.1.4',
488 silly addNameRange     '0.1.5',
488 silly addNameRange     '0.1.6',
488 silly addNameRange     '0.1.7',
488 silly addNameRange     '0.1.8',
488 silly addNameRange     '0.1.9',
488 silly addNameRange     '0.1.10',
488 silly addNameRange     '0.1.11',
488 silly addNameRange     '0.1.12',
488 silly addNameRange     '0.1.13',
488 silly addNameRange     '0.1.14',
488 silly addNameRange     '0.1.15',
488 silly addNameRange     '0.1.16',
488 silly addNameRange     '0.1.17',
488 silly addNameRange     '0.1.18',
488 silly addNameRange     '0.1.19',
488 silly addNameRange     '0.1.20',
488 silly addNameRange     '0.1.21',
488 silly addNameRange     '0.1.22',
488 silly addNameRange     '0.2.0',
488 silly addNameRange     '0.2.1',
488 silly addNameRange     '0.2.2',
488 silly addNameRange     '0.2.3',
488 silly addNameRange     '0.2.4',
488 silly addNameRange     '0.2.5',
488 silly addNameRange     '0.2.6',
488 silly addNameRange     '0.2.7',
488 silly addNameRange     '0.2.8',
488 silly addNameRange     '0.2.9',
488 silly addNameRange     '0.2.10',
488 silly addNameRange     '0.3.0',
488 silly addNameRange     '0.4.0',
488 silly addNameRange     '0.4.1',
488 silly addNameRange     '0.5.0',
488 silly addNameRange     '0.6.0',
488 silly addNameRange     '0.6.1',
488 silly addNameRange     '0.6.2',
488 silly addNameRange     '0.7.0',
488 silly addNameRange     '0.8.0',
488 silly addNameRange     '0.9.0',
488 silly addNameRange     '0.9.2',
488 silly addNameRange     '1.0.0',
488 silly addNameRange     '1.1.0',
488 silly addNameRange     '1.2.0',
488 silly addNameRange     '1.1.1',
488 silly addNameRange     '1.2.1',
488 silly addNameRange     '1.3.0',
488 silly addNameRange     '1.4.0',
488 silly addNameRange     '1.4.1',
488 silly addNameRange     '1.4.2',
488 silly addNameRange     '1.5.0',
488 silly addNameRange     '1.5.1',
488 silly addNameRange     '1.5.2' ] ]
489 verbose addNamed [ 'async', '1.5.2' ]
490 verbose addNamed [ '1.5.2', '1.5.2' ]
491 silly lockFile 2d6754e3-async-1-5-2 async@1.5.2
492 verbose lock async@1.5.2 /home/whalen/.npm/2d6754e3-async-1-5-2.lock
493 silly lockFile c0391250--npmjs-org-async-async-1-5-2-tgz https://registry.npmjs.org/async/-/async-1.5.2.tgz
494 verbose lock https://registry.npmjs.org/async/-/async-1.5.2.tgz /home/whalen/.npm/c0391250--npmjs-org-async-async-1-5-2-tgz.lock
495 verbose addRemoteTarball [ 'https://registry.npmjs.org/async/-/async-1.5.2.tgz',
495 verbose addRemoteTarball   'ec6a61ae56480c0c3cb241c95618e20892f9672a' ]
496 info retry fetch attempt 1 at 19:49:54
497 verbose fetch to= /tmp/npm-28632-jcCsWZ7Y/registry.npmjs.org/async/-/async-1.5.2.tgz
498 http GET https://registry.npmjs.org/async/-/async-1.5.2.tgz
499 http 200 https://registry.npmjs.org/gulp-browserify/-/gulp-browserify-0.5.1.tgz
500 silly lockFile 8539d933-serify-gulp-browserify-0-5-1-tgz https://registry.npmjs.org/gulp-browserify/-/gulp-browserify-0.5.1.tgz
501 silly lockFile 8539d933-serify-gulp-browserify-0-5-1-tgz https://registry.npmjs.org/gulp-browserify/-/gulp-browserify-0.5.1.tgz
502 silly lockFile 238d2b6c-gulp-browserify-0-5-1 gulp-browserify@0.5.1
503 silly lockFile 238d2b6c-gulp-browserify-0-5-1 gulp-browserify@0.5.1
504 silly lockFile d073a4d6-gulp-browserify-0-5-1 gulp-browserify@^0.5.1
505 silly lockFile d073a4d6-gulp-browserify-0-5-1 gulp-browserify@^0.5.1
506 http 200 https://registry.npmjs.org/gulp-connect/-/gulp-connect-2.3.1.tgz
507 silly lockFile 86fc36a5-p-connect-gulp-connect-2-3-1-tgz https://registry.npmjs.org/gulp-connect/-/gulp-connect-2.3.1.tgz
508 silly lockFile 86fc36a5-p-connect-gulp-connect-2-3-1-tgz https://registry.npmjs.org/gulp-connect/-/gulp-connect-2.3.1.tgz
509 silly lockFile 0b1f7f95-gulp-connect-2-3-1 gulp-connect@2.3.1
510 silly lockFile 0b1f7f95-gulp-connect-2-3-1 gulp-connect@2.3.1
511 silly lockFile 40575327-gulp-connect-2-3-1 gulp-connect@^2.3.1
512 silly lockFile 40575327-gulp-connect-2-3-1 gulp-connect@^2.3.1
513 http 304 https://registry.npmjs.org/reactify
514 silly registry.get cb [ 304,
514 silly registry.get   { date: 'Wed, 20 Jan 2016 11:49:54 GMT',
514 silly registry.get     via: '1.1 varnish',
514 silly registry.get     'cache-control': 'max-age=300',
514 silly registry.get     etag: '"D1OELWZEDP54I2FF2CQEP2HGF"',
514 silly registry.get     age: '0',
514 silly registry.get     connection: 'keep-alive',
514 silly registry.get     'x-served-by': 'cache-nrt6127-NRT',
514 silly registry.get     'x-cache': 'HIT',
514 silly registry.get     'x-cache-hits': '1',
514 silly registry.get     'x-timer': 'S1453290594.567247,VS0,VE118',
514 silly registry.get     vary: 'Accept' } ]
515 verbose etag https://registry.npmjs.org/reactify from cache
516 silly addNameRange number 2 { name: 'reactify', range: '>=1.1.1-0 <2.0.0-0', hasData: true }
517 silly addNameRange versions [ 'reactify',
517 silly addNameRange   [ '0.1.0',
517 silly addNameRange     '0.1.1',
517 silly addNameRange     '0.1.2',
517 silly addNameRange     '0.1.3',
517 silly addNameRange     '0.1.4',
517 silly addNameRange     '0.2.0',
517 silly addNameRange     '0.2.1',
517 silly addNameRange     '0.2.2',
517 silly addNameRange     '0.3.0',
517 silly addNameRange     '0.3.1',
517 silly addNameRange     '0.3.2',
517 silly addNameRange     '0.4.0',
517 silly addNameRange     '0.5.0',
517 silly addNameRange     '0.5.1',
517 silly addNameRange     '0.6.0',
517 silly addNameRange     '0.6.1',
517 silly addNameRange     '0.7.0',
517 silly addNameRange     '0.8.0',
517 silly addNameRange     '0.8.1',
517 silly addNameRange     '0.9.0',
517 silly addNameRange     '0.9.1',
517 silly addNameRange     '0.10.0',
517 silly addNameRange     '0.11.0',
517 silly addNameRange     '0.12.0',
517 silly addNameRange     '0.13.0',
517 silly addNameRange     '0.13.1',
517 silly addNameRange     '0.14.0',
517 silly addNameRange     '0.15.0',
517 silly addNameRange     '0.15.1',
517 silly addNameRange     '0.14.1',
517 silly addNameRange     '0.8.2',
517 silly addNameRange     '0.9.2',
517 silly addNameRange     '0.10.1',
517 silly addNameRange     '0.11.1',
517 silly addNameRange     '0.13.2',
517 silly addNameRange     '0.12.1',
517 silly addNameRange     '0.15.2',
517 silly addNameRange     '0.16.0',
517 silly addNameRange     '0.17.0',
517 silly addNameRange     '0.17.1',
517 silly addNameRange     '1.0.0',
517 silly addNameRange     '1.1.0',
517 silly addNameRange     '1.1.1' ] ]
518 verbose addNamed [ 'reactify', '1.1.1' ]
519 verbose addNamed [ '1.1.1', '1.1.1' ]
520 silly lockFile c99dcda3-reactify-1-1-1 reactify@1.1.1
521 verbose lock reactify@1.1.1 /home/whalen/.npm/c99dcda3-reactify-1-1-1.lock
522 silly lockFile 42725581--org-reactify-reactify-1-1-1-tgz https://registry.npmjs.org/reactify/-/reactify-1.1.1.tgz
523 verbose lock https://registry.npmjs.org/reactify/-/reactify-1.1.1.tgz /home/whalen/.npm/42725581--org-reactify-reactify-1-1-1-tgz.lock
524 verbose addRemoteTarball [ 'https://registry.npmjs.org/reactify/-/reactify-1.1.1.tgz',
524 verbose addRemoteTarball   'a8f119596273c0d4bfb1abea0c14c2601ea03bba' ]
525 info retry fetch attempt 1 at 19:49:54
526 verbose fetch to= /tmp/npm-28632-jcCsWZ7Y/registry.npmjs.org/reactify/-/reactify-1.1.1.tgz
527 http GET https://registry.npmjs.org/reactify/-/reactify-1.1.1.tgz
528 http 200 https://registry.npmjs.org/flux
529 silly registry.get cb [ 200,
529 silly registry.get   { server: 'CouchDB/1.5.0 (Erlang OTP/R16B03)',
529 silly registry.get     etag: '"5K63PUMSAKPBXBCN5SGXF42QV"',
529 silly registry.get     'content-type': 'application/json',
529 silly registry.get     'cache-control': 'max-age=300',
529 silly registry.get     'content-length': '21463',
529 silly registry.get     'accept-ranges': 'bytes',
529 silly registry.get     date: 'Wed, 20 Jan 2016 11:49:54 GMT',
529 silly registry.get     via: '1.1 varnish',
529 silly registry.get     age: '0',
529 silly registry.get     connection: 'keep-alive',
529 silly registry.get     'x-served-by': 'cache-nrt6121-NRT',
529 silly registry.get     'x-cache': 'HIT',
529 silly registry.get     'x-cache-hits': '1',
529 silly registry.get     'x-timer': 'S1453290590.176218,VS0,VE4419',
529 silly registry.get     vary: 'Accept' } ]
530 silly addNameRange number 2 { name: 'flux', range: '>=2.1.1-0 <3.0.0-0', hasData: true }
531 silly addNameRange versions [ 'flux',
531 silly addNameRange   [ '1.0.0',
531 silly addNameRange     '1.0.1',
531 silly addNameRange     '1.0.2',
531 silly addNameRange     '2.0.0',
531 silly addNameRange     '2.0.1',
531 silly addNameRange     '2.0.3',
531 silly addNameRange     '2.1.0',
531 silly addNameRange     '2.1.1' ] ]
532 verbose addNamed [ 'flux', '2.1.1' ]
533 verbose addNamed [ '2.1.1', '2.1.1' ]
534 silly lockFile acd20b0a-flux-2-1-1 flux@2.1.1
535 verbose lock flux@2.1.1 /home/whalen/.npm/acd20b0a-flux-2-1-1.lock
536 silly lockFile acd20b0a-flux-2-1-1 flux@2.1.1
537 silly lockFile acd20b0a-flux-2-1-1 flux@2.1.1
538 silly lockFile 79f145de-flux-2-1-1 flux@^2.1.1
539 silly lockFile 79f145de-flux-2-1-1 flux@^2.1.1
540 http 200 https://registry.npmjs.org/async/-/async-1.5.2.tgz
541 http 200 https://registry.npmjs.org/thenjs
542 silly registry.get cb [ 200,
542 silly registry.get   { server: 'CouchDB/1.5.0 (Erlang OTP/R16B03)',
542 silly registry.get     etag: '"7J4KSIZFSVWWHVX0Q0VL6WU8H"',
542 silly registry.get     'content-type': 'application/json',
542 silly registry.get     'cache-control': 'max-age=300',
542 silly registry.get     'content-length': '78314',
542 silly registry.get     'accept-ranges': 'bytes',
542 silly registry.get     date: 'Wed, 20 Jan 2016 11:49:51 GMT',
542 silly registry.get     via: '1.1 varnish',
542 silly registry.get     age: '0',
542 silly registry.get     connection: 'keep-alive',
542 silly registry.get     'x-served-by': 'cache-nrt6122-NRT',
542 silly registry.get     'x-cache': 'MISS',
542 silly registry.get     'x-cache-hits': '0',
542 silly registry.get     'x-timer': 'S1453290590.945164,VS0,VE703',
542 silly registry.get     vary: 'Accept' } ]
543 silly addNameRange number 2 { name: 'thenjs', range: '>=2.0.2-0 <3.0.0-0', hasData: true }
544 silly addNameRange versions [ 'thenjs',
544 silly addNameRange   [ '0.6.1',
544 silly addNameRange     '0.6.2',
544 silly addNameRange     '0.6.3',
544 silly addNameRange     '0.7.0',
544 silly addNameRange     '0.8.1',
544 silly addNameRange     '0.8.2',
544 silly addNameRange     '0.9.0',
544 silly addNameRange     '0.9.1',
544 silly addNameRange     '0.9.2',
544 silly addNameRange     '0.9.3',
544 silly addNameRange     '0.9.4',
544 silly addNameRange     '0.9.6',
544 silly addNameRange     '0.9.7',
544 silly addNameRange     '0.9.8',
544 silly addNameRange     '0.9.9',
544 silly addNameRange     '0.10.3',
544 silly addNameRange     '0.10.4',
544 silly addNameRange     '0.10.5',
544 silly addNameRange     '0.10.6',
544 silly addNameRange     '0.10.7',
544 silly addNameRange     '0.11.0',
544 silly addNameRange     '0.11.1',
544 silly addNameRange     '0.11.2',
544 silly addNameRange     '0.12.0',
544 silly addNameRange     '0.12.1',
544 silly addNameRange     '0.12.2',
544 silly addNameRange     '0.12.3',
544 silly addNameRange     '0.12.4',
544 silly addNameRange     '1.0.0',
544 silly addNameRange     '1.1.0',
544 silly addNameRange     '1.1.1',
544 silly addNameRange     '1.1.2',
544 silly addNameRange     '1.1.3',
544 silly addNameRange     '1.1.4',
544 silly addNameRange     '1.1.5',
544 silly addNameRange     '1.2.0',
544 silly addNameRange     '1.2.1',
544 silly addNameRange     '1.3.0',
544 silly addNameRange     '1.3.1',
544 silly addNameRange     '1.3.2',
544 silly addNameRange     '1.3.3',
544 silly addNameRange     '1.3.4',
544 silly addNameRange     '1.3.5',
544 silly addNameRange     '1.3.6',
544 silly addNameRange     '1.3.7',
544 silly addNameRange     '1.4.0',
544 silly addNameRange     '1.4.1',
544 silly addNameRange     '1.4.2',
544 silly addNameRange     '1.4.3',
544 silly addNameRange     '1.4.4',
544 silly addNameRange     '1.4.5',
544 silly addNameRange     '1.4.6',
544 silly addNameRange     '1.5.0',
544 silly addNameRange     '1.5.1',
544 silly addNameRange     '2.0.0',
544 silly addNameRange     '2.0.1',
544 silly addNameRange     '2.0.2' ] ]
545 verbose addNamed [ 'thenjs', '2.0.2' ]
546 verbose addNamed [ '2.0.2', '2.0.2' ]
547 silly lockFile d8f12dda-thenjs-2-0-2 thenjs@2.0.2
548 verbose lock thenjs@2.0.2 /home/whalen/.npm/d8f12dda-thenjs-2-0-2.lock
549 silly lockFile 8cd2363f-pmjs-org-thenjs-thenjs-2-0-2-tgz https://registry.npmjs.org/thenjs/-/thenjs-2.0.2.tgz
550 verbose lock https://registry.npmjs.org/thenjs/-/thenjs-2.0.2.tgz /home/whalen/.npm/8cd2363f-pmjs-org-thenjs-thenjs-2-0-2-tgz.lock
551 verbose addRemoteTarball [ 'https://registry.npmjs.org/thenjs/-/thenjs-2.0.2.tgz',
551 verbose addRemoteTarball   '04e6f98e4e1d559229115688121970d196297c79' ]
552 info retry fetch attempt 1 at 19:49:56
553 verbose fetch to= /tmp/npm-28632-jcCsWZ7Y/registry.npmjs.org/thenjs/-/thenjs-2.0.2.tgz
554 http GET https://registry.npmjs.org/thenjs/-/thenjs-2.0.2.tgz
555 http 200 https://registry.npmjs.org/reactify/-/reactify-1.1.1.tgz
556 silly lockFile 42725581--org-reactify-reactify-1-1-1-tgz https://registry.npmjs.org/reactify/-/reactify-1.1.1.tgz
557 silly lockFile 42725581--org-reactify-reactify-1-1-1-tgz https://registry.npmjs.org/reactify/-/reactify-1.1.1.tgz
558 silly lockFile c99dcda3-reactify-1-1-1 reactify@1.1.1
559 silly lockFile c99dcda3-reactify-1-1-1 reactify@1.1.1
560 silly lockFile 1adadc2b-reactify-1-1-1 reactify@^1.1.1
561 silly lockFile 1adadc2b-reactify-1-1-1 reactify@^1.1.1
562 http 200 https://registry.npmjs.org/react
563 silly registry.get cb [ 200,
563 silly registry.get   { server: 'CouchDB/1.5.0 (Erlang OTP/R16B03)',
563 silly registry.get     etag: '"62YKH1RA8R5PYS7EM0IF3ZWOP"',
563 silly registry.get     'content-type': 'application/json',
563 silly registry.get     'cache-control': 'max-age=300',
563 silly registry.get     'content-length': '78384',
563 silly registry.get     'accept-ranges': 'bytes',
563 silly registry.get     date: 'Wed, 20 Jan 2016 11:49:53 GMT',
563 silly registry.get     via: '1.1 varnish',
563 silly registry.get     age: '35',
563 silly registry.get     connection: 'keep-alive',
563 silly registry.get     'x-served-by': 'cache-nrt6132-NRT',
563 silly registry.get     'x-cache': 'HIT',
563 silly registry.get     'x-cache-hits': '1',
563 silly registry.get     'x-timer': 'S1453290593.633209,VS0,VE0',
563 silly registry.get     vary: 'Accept' } ]
564 silly addNameRange number 2 { name: 'react', range: '>=0.14.3-0 <0.15.0-0', hasData: true }
565 silly addNameRange versions [ 'react',
565 silly addNameRange   [ '0.0.1',
565 silly addNameRange     '0.0.2',
565 silly addNameRange     '0.0.3',
565 silly addNameRange     '0.1.2',
565 silly addNameRange     '0.2.0',
565 silly addNameRange     '0.2.1',
565 silly addNameRange     '0.2.2',
565 silly addNameRange     '0.2.3',
565 silly addNameRange     '0.2.4',
565 silly addNameRange     '0.2.5',
565 silly addNameRange     '0.2.6',
565 silly addNameRange     '0.3.0',
565 silly addNameRange     '0.3.4',
565 silly addNameRange     '0.3.5',
565 silly addNameRange     '0.5.0',
565 silly addNameRange     '0.5.1',
565 silly addNameRange     '0.5.2',
565 silly addNameRange     '0.6.0',
565 silly addNameRange     '0.6.1',
565 silly addNameRange     '0.6.2',
565 silly addNameRange     '0.6.3',
565 silly addNameRange     '0.7.0',
565 silly addNameRange     '0.7.1',
565 silly addNameRange     '0.8.0',
565 silly addNameRange     '0.9.0-rc1',
565 silly addNameRange     '0.9.0',
565 silly addNameRange     '0.10.0-rc1',
565 silly addNameRange     '0.10.0',
565 silly addNameRange     '0.11.0-rc1',
565 silly addNameRange     '0.11.0',
565 silly addNameRange     '0.11.1',
565 silly addNameRange     '0.11.2',
565 silly addNameRange     '0.12.0-rc1',
565 silly addNameRange     '0.12.0',
565 silly addNameRange     '0.12.1',
565 silly addNameRange     '0.12.2',
565 silly addNameRange     '0.13.0-alpha.1',
565 silly addNameRange     '0.13.0-alpha.2',
565 silly addNameRange     '0.13.0-beta.1',
565 silly addNameRange     '0.13.0-beta.2',
565 silly addNameRange     '0.13.0-rc1',
565 silly addNameRange     '0.13.0-rc2',
565 silly addNameRange     '0.13.0',
565 silly addNameRange     '0.13.1',
565 silly addNameRange     '0.13.2',
565 silly addNameRange     '0.13.3',
565 silly addNameRange     '0.14.0-alpha1',
565 silly addNameRange     '0.14.0-alpha2',
565 silly addNameRange     '0.14.0-alpha3',
565 silly addNameRange     '0.14.0-beta1',
565 silly addNameRange     '0.14.0-beta2',
565 silly addNameRange     '0.14.0-beta3',
565 silly addNameRange     '0.14.0-rc1',
565 silly addNameRange     '0.14.0',
565 silly addNameRange     '0.14.1',
565 silly addNameRange     '0.14.2',
565 silly addNameRange     '0.14.3',
565 silly addNameRange     '0.14.4',
565 silly addNameRange     '0.14.5',
565 silly addNameRange     '0.14.6' ] ]
566 verbose addNamed [ 'react', '0.14.6' ]
567 verbose addNamed [ '0.14.6', '0.14.6' ]
568 silly lockFile b14b93e3-react-0-14-6 react@0.14.6
569 verbose lock react@0.14.6 /home/whalen/.npm/b14b93e3-react-0-14-6.lock
570 silly lockFile d372f966-npmjs-org-react-react-0-14-6-tgz https://registry.npmjs.org/react/-/react-0.14.6.tgz
571 verbose lock https://registry.npmjs.org/react/-/react-0.14.6.tgz /home/whalen/.npm/d372f966-npmjs-org-react-react-0-14-6-tgz.lock
572 verbose addRemoteTarball [ 'https://registry.npmjs.org/react/-/react-0.14.6.tgz',
572 verbose addRemoteTarball   '2a57c2cf8747b483759ad8de0fa47fb0c5cf5c6a' ]
573 info retry fetch attempt 1 at 19:49:56
574 verbose fetch to= /tmp/npm-28632-jcCsWZ7Y/registry.npmjs.org/react/-/react-0.14.6.tgz
575 http GET https://registry.npmjs.org/react/-/react-0.14.6.tgz
576 silly lockFile c0391250--npmjs-org-async-async-1-5-2-tgz https://registry.npmjs.org/async/-/async-1.5.2.tgz
577 silly lockFile c0391250--npmjs-org-async-async-1-5-2-tgz https://registry.npmjs.org/async/-/async-1.5.2.tgz
578 silly lockFile 2d6754e3-async-1-5-2 async@1.5.2
579 silly lockFile 2d6754e3-async-1-5-2 async@1.5.2
580 silly lockFile 2d30b875-async-1-5-2 async@^1.5.2
581 silly lockFile 2d30b875-async-1-5-2 async@^1.5.2
582 http 200 https://registry.npmjs.org/react/-/react-0.14.6.tgz
583 http 200 https://registry.npmjs.org/thenjs/-/thenjs-2.0.2.tgz
584 silly lockFile 8cd2363f-pmjs-org-thenjs-thenjs-2-0-2-tgz https://registry.npmjs.org/thenjs/-/thenjs-2.0.2.tgz
585 silly lockFile 8cd2363f-pmjs-org-thenjs-thenjs-2-0-2-tgz https://registry.npmjs.org/thenjs/-/thenjs-2.0.2.tgz
586 silly lockFile d8f12dda-thenjs-2-0-2 thenjs@2.0.2
587 silly lockFile d8f12dda-thenjs-2-0-2 thenjs@2.0.2
588 silly lockFile 4d66cd66-thenjs-2-0-2 thenjs@^2.0.2
589 silly lockFile 4d66cd66-thenjs-2-0-2 thenjs@^2.0.2
590 http 200 https://registry.npmjs.org/bluebird
591 silly registry.get cb [ 200,
591 silly registry.get   { server: 'CouchDB/1.5.0 (Erlang OTP/R16B03)',
591 silly registry.get     etag: '"10NWZ61DFRAY0L0HB6DBP5TZO"',
591 silly registry.get     'content-type': 'application/json',
591 silly registry.get     'cache-control': 'max-age=300',
591 silly registry.get     'content-length': '336418',
591 silly registry.get     'accept-ranges': 'bytes',
591 silly registry.get     date: 'Wed, 20 Jan 2016 11:49:51 GMT',
591 silly registry.get     via: '1.1 varnish',
591 silly registry.get     age: '188',
591 silly registry.get     connection: 'keep-alive',
591 silly registry.get     'x-served-by': 'cache-nrt6134-NRT',
591 silly registry.get     'x-cache': 'HIT',
591 silly registry.get     'x-cache-hits': '4',
591 silly registry.get     'x-timer': 'S1453290591.751152,VS0,VE0',
591 silly registry.get     vary: 'Accept' } ]
592 silly addNameRange number 2 { name: 'bluebird', range: '>=3.1.1-0 <4.0.0-0', hasData: true }
593 silly addNameRange versions [ 'bluebird',
593 silly addNameRange   [ '0.7.1-1',
593 silly addNameRange     '0.7.1-2',
593 silly addNameRange     '0.7.1-3',
593 silly addNameRange     '0.7.1-4',
593 silly addNameRange     '0.7.1-5',
593 silly addNameRange     '0.7.2-0',
593 silly addNameRange     '0.7.3-0',
593 silly addNameRange     '0.7.4-0',
593 silly addNameRange     '0.7.4-1',
593 silly addNameRange     '0.7.5-0',
593 silly addNameRange     '0.7.6-0',
593 silly addNameRange     '0.7.7-0',
593 silly addNameRange     '0.7.7-1',
593 silly addNameRange     '0.7.8-0',
593 silly addNameRange     '0.7.8-1',
593 silly addNameRange     '0.7.9-0',
593 silly addNameRange     '0.7.9-1',
593 silly addNameRange     '0.7.10-0',
593 silly addNameRange     '0.7.10-1',
593 silly addNameRange     '0.7.11-0',
593 silly addNameRange     '0.7.12-0',
593 silly addNameRange     '0.7.12-1',
593 silly addNameRange     '0.7.12-2',
593 silly addNameRange     '0.8.0-0',
593 silly addNameRange     '0.8.0-1',
593 silly addNameRange     '0.8.0-2',
593 silly addNameRange     '0.8.0-3',
593 silly addNameRange     '0.8.1-0',
593 silly addNameRange     '0.8.2-0',
593 silly addNameRange     '0.8.2-1',
593 silly addNameRange     '0.8.2-2',
593 silly addNameRange     '0.8.3-0',
593 silly addNameRange     '0.8.3-1',
593 silly addNameRange     '0.8.3-2',
593 silly addNameRange     '0.8.3-3',
593 silly addNameRange     '0.8.4-0',
593 silly addNameRange     '0.8.4-1',
593 silly addNameRange     '0.8.5-0',
593 silly addNameRange     '0.8.5-1',
593 silly addNameRange     '0.9.0-0',
593 silly addNameRange     '0.9.1-0',
593 silly addNameRange     '0.9.1-1',
593 silly addNameRange     '0.9.2-0',
593 silly addNameRange     '0.9.2-1',
593 silly addNameRange     '0.9.3-0',
593 silly addNameRange     '0.9.4-0',
593 silly addNameRange     '0.9.4-1',
593 silly addNameRange     '0.9.5-0',
593 silly addNameRange     '0.9.6-0',
593 silly addNameRange     '0.9.7-0',
593 silly addNameRange     '0.9.8-0',
593 silly addNameRange     '0.9.9-0',
593 silly addNameRange     '0.9.10-0',
593 silly addNameRange     '0.9.10-1',
593 silly addNameRange     '0.9.11-0',
593 silly addNameRange     '0.9.11-1',
593 silly addNameRange     '0.10.0-0',
593 silly addNameRange     '0.10.0-1',
593 silly addNameRange     '0.10.1-0',
593 silly addNameRange     '0.10.2-0',
593 silly addNameRange     '0.10.2-1',
593 silly addNameRange     '0.10.3-0',
593 silly addNameRange     '0.10.4-0',
593 silly addNameRange     '0.10.4-1',
593 silly addNameRange     '0.10.5-0',
593 silly addNameRange     '0.10.6-0',
593 silly addNameRange     '0.10.7-0',
593 silly addNameRange     '0.10.8-0',
593 silly addNameRange     '0.10.9-0',
593 silly addNameRange     '0.10.9-1',
593 silly addNameRange     '0.10.10-0',
593 silly addNameRange     '0.10.11-0',
593 silly addNameRange     '0.10.11-1',
593 silly addNameRange     '0.10.11-2',
593 silly addNameRange     '0.10.11-4',
593 silly addNameRange     '0.10.12-0',
593 silly addNameRange     '0.10.13-0',
593 silly addNameRange     '0.10.13-1',
593 silly addNameRange     '0.10.14-0',
593 silly addNameRange     '0.11.0-0',
593 silly addNameRange     '0.11.1-0',
593 silly addNameRange     '0.11.2-0',
593 silly addNameRange     '0.11.3-0',
593 silly addNameRange     '0.11.4-0',
593 silly addNameRange     '0.11.4-1',
593 silly addNameRange     '0.11.5-0',
593 silly addNameRange     '0.11.5-1',
593 silly addNameRange     '0.11.6-0',
593 silly addNameRange     '1.0.0',
593 silly addNameRange     '1.0.1',
593 silly addNameRange     '1.0.2',
593 silly addNameRange     '1.0.3',
593 silly addNameRange     '1.0.4',
593 silly addNameRange     '1.0.5',
593 silly addNameRange     '1.0.7',
593 silly addNameRange     '1.0.8',
593 silly addNameRange     '1.1.0',
593 silly addNameRange     '1.1.1',
593 silly addNameRange     '1.2.0',
593 silly addNameRange     '1.2.1',
593 silly addNameRange     '1.2.2',
593 silly addNameRange     '1.2.3',
593 silly addNameRange     '1.2.4',
593 silly addNameRange     '2.0.2',
593 silly addNameRange     '2.0.3',
593 silly addNameRange     '2.0.4',
593 silly addNameRange     '2.0.5',
593 silly addNameRange     '2.0.6',
593 silly addNameRange     '2.0.7',
593 silly addNameRange     '2.1.1',
593 silly addNameRange     '2.1.2',
593 silly addNameRange     '2.1.3',
593 silly addNameRange     '2.2.0',
593 silly addNameRange     '2.2.1',
593 silly addNameRange     '2.2.2',
593 silly addNameRange     '2.3.0',
593 silly addNameRange     '2.3.1',
593 silly addNameRange     '2.3.2',
593 silly addNameRange     '2.3.3',
593 silly addNameRange     '2.3.4',
593 silly addNameRange     '2.3.5',
593 silly addNameRange     '0.11.6',
593 silly addNameRange     '2.3.6',
593 silly addNameRange     '2.3.9',
593 silly addNameRange     '2.3.10',
593 silly addNameRange     '2.3.11',
593 silly addNameRange     '2.4.0',
593 silly addNameRange     '2.4.1',
593 silly addNameRange     '2.4.2',
593 silly addNameRange     '2.4.3',
593 silly addNameRange     '2.5.0',
593 silly addNameRange     '2.5.1',
593 silly addNameRange     '2.5.2',
593 silly addNameRange     '2.5.3',
593 silly addNameRange     '2.6.0',
593 silly addNameRange     '2.6.1',
593 silly addNameRange     '2.6.2',
593 silly addNameRange     '2.6.3',
593 silly addNameRange     '2.6.4',
593 silly addNameRange     '2.7.0',
593 silly addNameRange     '2.7.1',
593 silly addNameRange     '2.8.0',
593 silly addNameRange     '2.8.1',
593 silly addNameRange     '2.8.2',
593 silly addNameRange     '2.9.0',
593 silly addNameRange     '2.9.1',
593 silly addNameRange     '2.9.2',
593 silly addNameRange     '2.9.3',
593 silly addNameRange     '2.9.4',
593 silly addNameRange     '2.9.5',
593 silly addNameRange     '2.9.6',
593 silly addNameRange     '2.9.7',
593 silly addNameRange     '2.9.8',
593 silly addNameRange     '2.9.9',
593 silly addNameRange     '2.9.10',
593 silly addNameRange     '2.9.11',
593 silly addNameRange     '2.9.12',
593 silly addNameRange     '2.9.13',
593 silly addNameRange     '2.9.14',
593 silly addNameRange     '2.9.15',
593 silly addNameRange     '2.9.16',
593 silly addNameRange     '2.9.17',
593 silly addNameRange     '2.9.18',
593 silly addNameRange     '2.9.19',
593 silly addNameRange     '2.9.20',
593 silly addNameRange     '2.9.21',
593 silly addNameRange     '2.9.22',
593 silly addNameRange     '2.9.23',
593 silly addNameRange     '2.9.24',
593 silly addNameRange     '2.9.25',
593 silly addNameRange     '2.9.26',
593 silly addNameRange     '2.9.27',
593 silly addNameRange     '2.9.28',
593 silly addNameRange     '2.9.29',
593 silly addNameRange     '2.9.30',
593 silly addNameRange     '2.9.31',
593 silly addNameRange     '2.9.32',
593 silly addNameRange     '2.9.33',
593 silly addNameRange     '2.9.34',
593 silly addNameRange     '2.10.0',
593 silly addNameRange     '2.10.1',
593 silly addNameRange     '2.10.2',
593 silly addNameRange     '3.0.0',
593 silly addNameRange     '3.0.1',
593 silly addNameRange     '3.0.2',
593 silly addNameRange     '3.0.3',
593 silly addNameRange     '3.0.4',
593 silly addNameRange     '3.0.5',
593 silly addNameRange     '3.0.6',
593 silly addNameRange     '3.1.0',
593 silly addNameRange     '3.1.1' ] ]
594 verbose addNamed [ 'bluebird', '3.1.1' ]
595 verbose addNamed [ '3.1.1', '3.1.1' ]
596 silly lockFile 2ee9739b-bluebird-3-1-1 bluebird@3.1.1
597 verbose lock bluebird@3.1.1 /home/whalen/.npm/2ee9739b-bluebird-3-1-1.lock
598 silly lockFile 968e1ad0--org-bluebird-bluebird-3-1-1-tgz https://registry.npmjs.org/bluebird/-/bluebird-3.1.1.tgz
599 verbose lock https://registry.npmjs.org/bluebird/-/bluebird-3.1.1.tgz /home/whalen/.npm/968e1ad0--org-bluebird-bluebird-3-1-1-tgz.lock
600 verbose addRemoteTarball [ 'https://registry.npmjs.org/bluebird/-/bluebird-3.1.1.tgz',
600 verbose addRemoteTarball   '7e2e4318d62ae72a674f6aea6357bb4def1a6e41' ]
601 info retry fetch attempt 1 at 19:50:01
602 verbose fetch to= /tmp/npm-28632-jcCsWZ7Y/registry.npmjs.org/bluebird/-/bluebird-3.1.1.tgz
603 http GET https://registry.npmjs.org/bluebird/-/bluebird-3.1.1.tgz
604 http 200 https://registry.npmjs.org/lodash
605 silly registry.get cb [ 200,
605 silly registry.get   { server: 'CouchDB/1.5.0 (Erlang OTP/R16B03)',
605 silly registry.get     etag: '"BFSB8EX3A0N2GC7TKC3D6IVEP"',
605 silly registry.get     'content-type': 'application/json',
605 silly registry.get     'cache-control': 'max-age=300',
605 silly registry.get     'content-length': '107562',
605 silly registry.get     'accept-ranges': 'bytes',
605 silly registry.get     date: 'Wed, 20 Jan 2016 11:49:56 GMT',
605 silly registry.get     via: '1.1 varnish',
605 silly registry.get     age: '175',
605 silly registry.get     connection: 'keep-alive',
605 silly registry.get     'x-served-by': 'cache-nrt6121-NRT',
605 silly registry.get     'x-cache': 'HIT',
605 silly registry.get     'x-cache-hits': '66',
605 silly registry.get     'x-timer': 'S1453290596.172015,VS0,VE0',
605 silly registry.get     vary: 'Accept' } ]
606 silly addNameRange number 2 { name: 'lodash', range: '>=3.10.1-0 <4.0.0-0', hasData: true }
607 silly addNameRange versions [ 'lodash',
607 silly addNameRange   [ '0.1.0',
607 silly addNameRange     '0.2.0',
607 silly addNameRange     '0.2.1',
607 silly addNameRange     '0.2.2',
607 silly addNameRange     '0.3.0',
607 silly addNameRange     '0.3.1',
607 silly addNameRange     '0.3.2',
607 silly addNameRange     '0.4.0',
607 silly addNameRange     '0.4.1',
607 silly addNameRange     '0.4.2',
607 silly addNameRange     '0.5.0-rc.1',
607 silly addNameRange     '0.5.0',
607 silly addNameRange     '0.5.1',
607 silly addNameRange     '0.5.2',
607 silly addNameRange     '0.6.0',
607 silly addNameRange     '0.6.1',
607 silly addNameRange     '0.7.0',
607 silly addNameRange     '0.8.0',
607 silly addNameRange     '0.8.1',
607 silly addNameRange     '0.8.2',
607 silly addNameRange     '0.9.0',
607 silly addNameRange     '0.9.1',
607 silly addNameRange     '0.9.2',
607 silly addNameRange     '0.10.0',
607 silly addNameRange     '1.0.0-rc.1',
607 silly addNameRange     '1.0.0-rc.2',
607 silly addNameRange     '1.0.0-rc.3',
607 silly addNameRange     '1.0.0',
607 silly addNameRange     '1.0.1',
607 silly addNameRange     '1.1.0',
607 silly addNameRange     '1.1.1',
607 silly addNameRange     '1.2.0',
607 silly addNameRange     '1.2.1',
607 silly addNameRange     '1.3.0',
607 silly addNameRange     '1.3.1',
607 silly addNameRange     '2.0.0',
607 silly addNameRange     '2.1.0',
607 silly addNameRange     '2.2.0',
607 silly addNameRange     '2.2.1',
607 silly addNameRange     '2.3.0',
607 silly addNameRange     '2.4.0',
607 silly addNameRange     '2.4.1',
607 silly addNameRange     '3.0.0',
607 silly addNameRange     '3.0.1',
607 silly addNameRange     '3.1.0',
607 silly addNameRange     '3.2.0',
607 silly addNameRange     '3.3.0',
607 silly addNameRange     '3.3.1',
607 silly addNameRange     '3.4.0',
607 silly addNameRange     '3.5.0',
607 silly addNameRange     '3.6.0',
607 silly addNameRange     '1.0.2',
607 silly addNameRange     '3.7.0',
607 silly addNameRange     '2.4.2',
607 silly addNameRange     '3.8.0',
607 silly addNameRange     '3.9.0',
607 silly addNameRange     '3.9.1',
607 silly addNameRange     '3.9.2',
607 silly addNameRange     '3.9.3',
607 silly addNameRange     '3.10.0',
607 silly addNameRange     '3.10.1',
607 silly addNameRange     '4.0.0' ] ]
608 verbose addNamed [ 'lodash', '3.10.1' ]
609 verbose addNamed [ '3.10.1', '3.10.1' ]
610 silly lockFile 8e3ad7e2-lodash-3-10-1 lodash@3.10.1
611 verbose lock lodash@3.10.1 /home/whalen/.npm/8e3ad7e2-lodash-3-10-1.lock
612 silly lockFile 8e3ad7e2-lodash-3-10-1 lodash@3.10.1
613 silly lockFile 8e3ad7e2-lodash-3-10-1 lodash@3.10.1
614 silly lockFile 878fcc15-lodash-3-10-1 lodash@^3.10.1
615 silly lockFile 878fcc15-lodash-3-10-1 lodash@^3.10.1
616 http 200 https://registry.npmjs.org/bluebird/-/bluebird-3.1.1.tgz
617 silly lockFile d372f966-npmjs-org-react-react-0-14-6-tgz https://registry.npmjs.org/react/-/react-0.14.6.tgz
618 silly lockFile d372f966-npmjs-org-react-react-0-14-6-tgz https://registry.npmjs.org/react/-/react-0.14.6.tgz
619 silly lockFile b14b93e3-react-0-14-6 react@0.14.6
620 silly lockFile b14b93e3-react-0-14-6 react@0.14.6
621 silly lockFile 15651f57-react-0-14-3 react@^0.14.3
622 silly lockFile 15651f57-react-0-14-3 react@^0.14.3
623 http 200 https://registry.npmjs.org/gulp
624 silly registry.get cb [ 200,
624 silly registry.get   { server: 'CouchDB/1.5.0 (Erlang OTP/R16B03)',
624 silly registry.get     etag: '"5W5JYA8ZA2E557UE81AYGMF9N"',
624 silly registry.get     'content-type': 'application/json',
624 silly registry.get     'cache-control': 'max-age=300',
624 silly registry.get     'content-length': '109313',
624 silly registry.get     'accept-ranges': 'bytes',
624 silly registry.get     date: 'Wed, 20 Jan 2016 11:49:54 GMT',
624 silly registry.get     via: '1.1 varnish',
624 silly registry.get     age: '21',
624 silly registry.get     connection: 'keep-alive',
624 silly registry.get     'x-served-by': 'cache-nrt6127-NRT',
624 silly registry.get     'x-cache': 'HIT',
624 silly registry.get     'x-cache-hits': '1',
624 silly registry.get     'x-timer': 'S1453290594.988548,VS0,VE0',
624 silly registry.get     vary: 'Accept' } ]
625 silly addNameRange number 2 { name: 'gulp', range: '>=3.9.0-0 <4.0.0-0', hasData: true }
626 silly addNameRange versions [ 'gulp',
626 silly addNameRange   [ '0.0.1',
626 silly addNameRange     '0.0.2',
626 silly addNameRange     '0.0.3',
626 silly addNameRange     '0.0.4',
626 silly addNameRange     '0.0.5',
626 silly addNameRange     '0.0.7',
626 silly addNameRange     '0.0.8',
626 silly addNameRange     '0.0.9',
626 silly addNameRange     '0.1.0',
626 silly addNameRange     '0.2.0',
626 silly addNameRange     '1.0.0',
626 silly addNameRange     '1.1.0',
626 silly addNameRange     '1.2.0',
626 silly addNameRange     '1.2.1',
626 silly addNameRange     '2.0.0',
626 silly addNameRange     '2.0.1',
626 silly addNameRange     '2.1.0',
626 silly addNameRange     '2.2.0',
626 silly addNameRange     '2.3.0',
626 silly addNameRange     '2.4.0',
626 silly addNameRange     '2.4.1',
626 silly addNameRange     '2.6.0',
626 silly addNameRange     '2.6.1',
626 silly addNameRange     '2.7.0',
626 silly addNameRange     '3.0.0',
626 silly addNameRange     '3.1.1',
626 silly addNameRange     '3.1.2',
626 silly addNameRange     '3.1.3',
626 silly addNameRange     '3.1.4',
626 silly addNameRange     '3.2.0',
626 silly addNameRange     '3.2.1',
626 silly addNameRange     '3.2.2',
626 silly addNameRange     '3.2.3',
626 silly addNameRange     '3.2.4',
626 silly addNameRange     '3.2.5',
626 silly addNameRange     '3.3.0',
626 silly addNameRange     '3.3.1',
626 silly addNameRange     '3.3.2',
626 silly addNameRange     '3.3.4',
626 silly addNameRange     '3.4.0',
626 silly addNameRange     '3.5.0',
626 silly addNameRange     '3.5.1',
626 silly addNameRange     '3.5.2',
626 silly addNameRange     '3.5.5',
626 silly addNameRange     '3.5.6',
626 silly addNameRange     '3.6.0',
626 silly addNameRange     '3.6.1',
626 silly addNameRange     '3.6.2',
626 silly addNameRange     '3.7.0',
626 silly addNameRange     '3.8.0',
626 silly addNameRange     '3.8.1',
626 silly addNameRange     '3.8.2',
626 silly addNameRange     '3.8.3',
626 silly addNameRange     '3.8.4',
626 silly addNameRange     '3.8.5',
626 silly addNameRange     '3.8.6',
626 silly addNameRange     '3.8.7',
626 silly addNameRange     '3.8.8',
626 silly addNameRange     '3.8.9',
626 silly addNameRange     '3.8.10',
626 silly addNameRange     '3.8.11',
626 silly addNameRange     '3.9.0' ] ]
627 verbose addNamed [ 'gulp', '3.9.0' ]
628 verbose addNamed [ '3.9.0', '3.9.0' ]
629 silly lockFile c2697a61-gulp-3-9-0 gulp@3.9.0
630 verbose lock gulp@3.9.0 /home/whalen/.npm/c2697a61-gulp-3-9-0.lock
631 silly lockFile c2697a61-gulp-3-9-0 gulp@3.9.0
632 silly lockFile c2697a61-gulp-3-9-0 gulp@3.9.0
633 silly lockFile a7ccee77-gulp-3-9-0 gulp@^3.9.0
634 silly lockFile a7ccee77-gulp-3-9-0 gulp@^3.9.0
635 silly lockFile 968e1ad0--org-bluebird-bluebird-3-1-1-tgz https://registry.npmjs.org/bluebird/-/bluebird-3.1.1.tgz
636 silly lockFile 968e1ad0--org-bluebird-bluebird-3-1-1-tgz https://registry.npmjs.org/bluebird/-/bluebird-3.1.1.tgz
637 silly lockFile 2ee9739b-bluebird-3-1-1 bluebird@3.1.1
638 silly lockFile 2ee9739b-bluebird-3-1-1 bluebird@3.1.1
639 silly lockFile 57b5cfa7-bluebird-3-1-1 bluebird@^3.1.1
640 silly lockFile 57b5cfa7-bluebird-3-1-1 bluebird@^3.1.1
641 error Error: EACCES, mkdir '/home/whalen/.npm/async/1.5.2'
641 error  { [Error: EACCES, mkdir '/home/whalen/.npm/async/1.5.2']
641 error   errno: 3,
641 error   code: 'EACCES',
641 error   path: '/home/whalen/.npm/async/1.5.2',
641 error   parent: 'my-react-todomvc' }
642 error Please try running this command again as root/Administrator.
643 error System Linux 3.13.0-55-generic
644 error command "/usr/local/bin/node" "/usr/local/bin/npm" "install"
645 error cwd /home/whalen/Developer/todomvc-rebus
646 error node -v v0.10.33
647 error npm -v 1.4.28
648 error path /home/whalen/.npm/async/1.5.2
649 error code EACCES
650 error errno 3
651 error stack Error: EACCES, mkdir '/home/whalen/.npm/async/1.5.2'
652 verbose exit [ 3, true ]
